

Microchip Technology PIC18 LITE Macro Assembler V1.36 build -262312587 
                                                                                               Thu Dec 19 17:41:52 2019

Microchip Technology Omniscient Code Generator v1.36 (Free mode) build 201601150325
     1                           	processor	18F4580
     2                           	fnconf	rparam,??,?,0
     3                           	opt	pw 120
     4                           	opt	lm
     5                           	psect	cinit,global,reloc=2,class=CODE,delta=1
     6                           	psect	bitbssCOMRAM,global,bit,class=COMRAM,space=1,delta=1
     7                           	psect	cstackCOMRAM,global,class=COMRAM,space=1,delta=1
     8                           	psect	text0,global,reloc=2,class=CODE,delta=1
     9                           	psect	text1,global,reloc=2,class=CODE,delta=1
    10                           	psect	text2,global,reloc=2,class=CODE,delta=1
    11                           	psect	intcode,global,reloc=2,class=CODE,delta=1
    12                           	psect	intcode_body,global,reloc=2,class=CODE,delta=1
    13                           	psect	intsave_regs,global,class=BIGRAM,space=1,delta=1
    14                           	psect	rparam,global,class=COMRAM,space=1,delta=1
    15                           	psect	temp,global,ovrld,common,class=COMRAM,space=1,delta=1
    16  0000                     _ADCON1	set	4033
    17  0000                     _GIE	set	32663
    18  0000                     _INT0E	set	32660
    19  0000                     _INT0F	set	32657
    20  0000                     _INTEDG0	set	32654
    21  0000                     _RB1	set	31753
    22  0000                     _TRISB0	set	31896
    23  0000                     _TRISB1	set	31897
    24                           
    25                           ; #config settings
    26                           
    27                           	psect	cinit
    28  000102                     __pcinit:
    29                           	opt stack 0
    30  000102                     start_initialization:
    31                           	opt stack 0
    32  000102                     __initialization:
    33                           	opt stack 0
    34                           
    35                           ; Clear objects allocated to BITCOMRAM (1 bytes)
    36  000102  6A17               	clrf	(__pbitbssCOMRAM/(0+8))& (0+255),c
    37  000104                     end_of_initialization:
    38                           	opt stack 0
    39  000104                     __end_of__initialization:
    40                           	opt stack 0
    41  000104  9018               	bcf	int$flags,0,c	;clear compiler interrupt flag (level 1)
    42  000106  9218               	bcf	int$flags,1,c	;clear compiler interrupt flag (level 2)
    43  000108  0100               	movlb	0
    44  00010A  EF48  F000         	goto	_main	;jump to C main() function
    45                           
    46                           	psect	bitbssCOMRAM
    47  0000B8                     __pbitbssCOMRAM:
    48                           	opt stack 0
    49  0000B8                     _key_detected:
    50                           	opt stack 0
    51  0000B8                     	ds	1
    52                           
    53                           	psect	cstackCOMRAM
    54  000001                     __pcstackCOMRAM:
    55                           	opt stack 0
    56  000001                     ??_isr:
    57  000001                     
    58                           ; 1 bytes @ 0x0
    59  000001                     	ds	14
    60  00000F                     main@once:
    61                           	opt stack 0
    62                           
    63                           ; 2 bytes @ 0xE
    64  00000F                     	ds	2
    65  000011                     main@wait2:
    66                           	opt stack 0
    67                           
    68                           ; 4 bytes @ 0x10
    69  000011                     	ds	4
    70  000015                     main@wait1:
    71                           	opt stack 0
    72                           
    73                           ; 2 bytes @ 0x14
    74  000015                     	ds	2
    75                           
    76 ;;
    77 ;;Main: autosize = 0, tempsize = 0, incstack = 0, save=0
    78 ;;
    79 ;; *************** function _main *****************
    80 ;; Defined at:
    81 ;;		line 24 in file "main.c"
    82 ;; Parameters:    Size  Location     Type
    83 ;;		None
    84 ;; Auto vars:     Size  Location     Type
    85 ;;  wait2           4   16[COMRAM] unsigned long 
    86 ;;  wait1           2   20[COMRAM] unsigned short 
    87 ;;  once            2   14[COMRAM] unsigned short 
    88 ;; Return value:  Size  Location     Type
    89 ;;                  1    wreg      void 
    90 ;; Registers used:
    91 ;;		wreg, status,2, status,0, cstack
    92 ;; Tracked objects:
    93 ;;		On entry : 0/0
    94 ;;		On exit  : 0/0
    95 ;;		Unchanged: 0/0
    96 ;; Data sizes:     COMRAM   BANK0   BANK1   BANK2   BANK3   BANK4   BANK5
    97 ;;      Params:         0       0       0       0       0       0       0
    98 ;;      Locals:         8       0       0       0       0       0       0
    99 ;;      Temps:          0       0       0       0       0       0       0
   100 ;;      Totals:         8       0       0       0       0       0       0
   101 ;;Total ram usage:        8 bytes
   102 ;; Hardware stack levels required when called:    3
   103 ;; This function calls:
   104 ;;		_init_config
   105 ;; This function is called by:
   106 ;;		Startup code after reset
   107 ;; This function uses a non-reentrant model
   108 ;;
   109                           
   110                           	psect	text0
   111  000090                     __ptext0:
   112                           	opt stack 0
   113  000090                     _main:
   114                           	opt stack 28
   115                           
   116                           ;main.c: 26: unsigned short wait1;
   117                           ;main.c: 27: unsigned long int wait2;
   118                           ;main.c: 28: unsigned short once = 1;
   119                           
   120                           ;incstack = 0
   121  000090  0E00               	movlw	0
   122  000092  6E10               	movwf	main@once+1,c
   123  000094  0E01               	movlw	1
   124  000096  6E0F               	movwf	main@once,c
   125                           
   126                           ;main.c: 30: init_config();
   127  000098  EC79  F000         	call	_init_config	;wreg free
   128  00009C                     l665:
   129                           
   130                           ;main.c: 33: {
   131                           ;main.c: 35: if (key_detected)
   132  00009C  A017               	btfss	_key_detected/(0+8),_key_detected& (0+7),c
   133  00009E  D006               	goto	l669
   134                           
   135                           ;main.c: 36: {
   136                           ;main.c: 37: key_detected = 0;
   137  0000A0  9017               	bcf	_key_detected/(0+8),_key_detected& (0+7),c
   138                           
   139                           ;main.c: 38: RB1 = !RB1;
   140  0000A2  B281               	btfsc	3969,1,c	;volatile
   141  0000A4  D002               	goto	u30
   142  0000A6  8281               	bsf	3969,1,c	;volatile
   143  0000A8  D001               	goto	l669
   144  0000AA                     u30:
   145  0000AA  9281               	bcf	3969,1,c	;volatile
   146  0000AC                     l669:
   147                           
   148                           ;main.c: 39: }
   149                           ;main.c: 53: for (wait1 = 50000; wait1--; );
   150  0000AC  0EC3               	movlw	195
   151  0000AE  6E16               	movwf	main@wait1+1,c
   152  0000B0  0E50               	movlw	80
   153  0000B2  6E15               	movwf	main@wait1,c
   154  0000B4                     l671:
   155  0000B4  0615               	decf	main@wait1,f,c
   156  0000B6  A0D8               	btfss	status,0,c
   157  0000B8  0616               	decf	main@wait1+1,f,c
   158  0000BA  2815               	incf	main@wait1,w,c
   159  0000BC  E1FB               	bnz	l671
   160  0000BE  2816               	incf	main@wait1+1,w,c
   161  0000C0  A4D8               	btfss	status,2,c
   162  0000C2  D7F8               	goto	l671
   163                           
   164                           ;main.c: 54: for (wait2 = 50000; wait2--; );
   165  0000C4  0E50               	movlw	80
   166  0000C6  6E11               	movwf	main@wait2,c
   167  0000C8  0EC3               	movlw	195
   168  0000CA  6E12               	movwf	main@wait2+1,c
   169  0000CC  0E00               	movlw	0
   170  0000CE  6E13               	movwf	main@wait2+2,c
   171  0000D0  0E00               	movlw	0
   172  0000D2  6E14               	movwf	main@wait2+3,c
   173  0000D4                     l675:
   174  0000D4  0611               	decf	main@wait2,f,c
   175  0000D6  0E00               	movlw	0
   176  0000D8  5A12               	subwfb	main@wait2+1,f,c
   177  0000DA  5A13               	subwfb	main@wait2+2,f,c
   178  0000DC  5A14               	subwfb	main@wait2+3,f,c
   179  0000DE  2811               	incf	main@wait2,w,c
   180  0000E0  E1F9               	bnz	l675
   181  0000E2  2812               	incf	main@wait2+1,w,c
   182  0000E4  E1F7               	bnz	l675
   183  0000E6  2813               	incf	main@wait2+2,w,c
   184  0000E8  E1F5               	bnz	l675
   185  0000EA  2814               	incf	main@wait2+3,w,c
   186  0000EC  B4D8               	btfsc	status,2,c
   187  0000EE  D7D6               	goto	l665
   188  0000F0  D7F1               	goto	l675
   189  0000F2                     __end_of_main:
   190                           	opt stack 0
   191                           status	equ	0xFD8
   192                           
   193 ;; *************** function _init_config *****************
   194 ;; Defined at:
   195 ;;		line 9 in file "main.c"
   196 ;; Parameters:    Size  Location     Type
   197 ;;		None
   198 ;; Auto vars:     Size  Location     Type
   199 ;;		None
   200 ;; Return value:  Size  Location     Type
   201 ;;                  1    wreg      void 
   202 ;; Registers used:
   203 ;;		wreg, status,2, cstack
   204 ;; Tracked objects:
   205 ;;		On entry : 0/0
   206 ;;		On exit  : 0/0
   207 ;;		Unchanged: 0/0
   208 ;; Data sizes:     COMRAM   BANK0   BANK1   BANK2   BANK3   BANK4   BANK5
   209 ;;      Params:         0       0       0       0       0       0       0
   210 ;;      Locals:         0       0       0       0       0       0       0
   211 ;;      Temps:          0       0       0       0       0       0       0
   212 ;;      Totals:         0       0       0       0       0       0       0
   213 ;;Total ram usage:        0 bytes
   214 ;; Hardware stack levels used:    1
   215 ;; Hardware stack levels required when called:    2
   216 ;; This function calls:
   217 ;;		_init_external_interrupt
   218 ;; This function is called by:
   219 ;;		_main
   220 ;; This function uses a non-reentrant model
   221 ;;
   222                           
   223                           	psect	text1
   224  0000F2                     __ptext1:
   225                           	opt stack 0
   226  0000F2                     _init_config:
   227                           	opt stack 28
   228                           
   229                           ;main.c: 11: ADCON1 = 0x0F;
   230                           
   231                           ;incstack = 0
   232  0000F2  0E0F               	movlw	15
   233  0000F4  6EC1               	movwf	4033,c	;volatile
   234                           
   235                           ;main.c: 12: TRISB1 = 0;
   236  0000F6  9293               	bcf	3987,1,c	;volatile
   237                           
   238                           ;main.c: 13: TRISB0 = 1;
   239  0000F8  8093               	bsf	3987,0,c	;volatile
   240                           
   241                           ;main.c: 17: init_external_interrupt();
   242  0000FA  EC87  F000         	call	_init_external_interrupt	;wreg free
   243                           
   244                           ;main.c: 19: GIE = 1;
   245  0000FE  8EF2               	bsf	intcon,7,c	;volatile
   246  000100  0012               	return		;funcret
   247  000102                     __end_of_init_config:
   248                           	opt stack 0
   249                           intcon	equ	0xFF2
   250                           status	equ	0xFD8
   251                           
   252 ;; *************** function _init_external_interrupt *****************
   253 ;; Defined at:
   254 ;;		line 4 in file "external_interrupt.c"
   255 ;; Parameters:    Size  Location     Type
   256 ;;		None
   257 ;; Auto vars:     Size  Location     Type
   258 ;;		None
   259 ;; Return value:  Size  Location     Type
   260 ;;                  1    wreg      void 
   261 ;; Registers used:
   262 ;;		None
   263 ;; Tracked objects:
   264 ;;		On entry : 0/0
   265 ;;		On exit  : 0/0
   266 ;;		Unchanged: 0/0
   267 ;; Data sizes:     COMRAM   BANK0   BANK1   BANK2   BANK3   BANK4   BANK5
   268 ;;      Params:         0       0       0       0       0       0       0
   269 ;;      Locals:         0       0       0       0       0       0       0
   270 ;;      Temps:          0       0       0       0       0       0       0
   271 ;;      Totals:         0       0       0       0       0       0       0
   272 ;;Total ram usage:        0 bytes
   273 ;; Hardware stack levels used:    1
   274 ;; Hardware stack levels required when called:    1
   275 ;; This function calls:
   276 ;;		Nothing
   277 ;; This function is called by:
   278 ;;		_init_config
   279 ;; This function uses a non-reentrant model
   280 ;;
   281                           
   282                           	psect	text2
   283  00010E                     __ptext2:
   284                           	opt stack 0
   285  00010E                     _init_external_interrupt:
   286                           	opt stack 28
   287                           
   288                           ;external_interrupt.c: 6: INTEDG0 = 1;
   289                           
   290                           ;incstack = 0
   291  00010E  8CF1               	bsf	intcon2,6,c	;volatile
   292                           
   293                           ;external_interrupt.c: 7: INT0F = 0;
   294  000110  92F2               	bcf	intcon,1,c	;volatile
   295                           
   296                           ;external_interrupt.c: 8: INT0E = 1;
   297  000112  88F2               	bsf	intcon,4,c	;volatile
   298  000114  0012               	return		;funcret
   299  000116                     __end_of_init_external_interrupt:
   300                           	opt stack 0
   301                           intcon	equ	0xFF2
   302                           intcon2	equ	0xFF1
   303                           status	equ	0xFD8
   304                           
   305 ;; *************** function _isr *****************
   306 ;; Defined at:
   307 ;;		line 6 in file "isr.c"
   308 ;; Parameters:    Size  Location     Type
   309 ;;		None
   310 ;; Auto vars:     Size  Location     Type
   311 ;;		None
   312 ;; Return value:  Size  Location     Type
   313 ;;                  1    wreg      void 
   314 ;; Registers used:
   315 ;;		None
   316 ;; Tracked objects:
   317 ;;		On entry : 0/0
   318 ;;		On exit  : 0/0
   319 ;;		Unchanged: 0/0
   320 ;; Data sizes:     COMRAM   BANK0   BANK1   BANK2   BANK3   BANK4   BANK5
   321 ;;      Params:         0       0       0       0       0       0       0
   322 ;;      Locals:         0       0       0       0       0       0       0
   323 ;;      Temps:         14       0       0       0       0       0       0
   324 ;;      Totals:        14       0       0       0       0       0       0
   325 ;;Total ram usage:       14 bytes
   326 ;; Hardware stack levels used:    1
   327 ;; This function calls:
   328 ;;		Nothing
   329 ;; This function is called by:
   330 ;;		Interrupt level 2
   331 ;; This function uses a non-reentrant model
   332 ;;
   333                           
   334                           	psect	intcode
   335  000008                     __pintcode:
   336                           	opt stack 0
   337  000008                     _isr:
   338                           	opt stack 28
   339                           
   340                           ;incstack = 0
   341  000008  8218               	bsf	btemp,1,c	;set compiler interrupt flag (level 2)
   342  00000A  CFFA F001          	movff	pclath,??_isr
   343  00000E  CFFB F002          	movff	pclatu,??_isr+1
   344  000012  ED0D  F000         	call	int_func,f	;refresh shadow registers
   345                           pclatu	equ	0xFFB
   346                           pclath	equ	0xFFA
   347                           intcon	equ	0xFF2
   348                           intcon2	equ	0xFF1
   349                           status	equ	0xFD8
   350                           
   351                           	psect	intcode_body
   352  00001A                     __pintcode_body:
   353                           	opt stack 28
   354  00001A                     int_func:
   355                           	opt stack 28
   356  00001A  0006               	pop		; remove dummy address from shadow register refresh
   357  00001C  CFE9 F003          	movff	fsr0l,??_isr+2
   358  000020  CFEA F004          	movff	fsr0h,??_isr+3
   359  000024  CFE1 F005          	movff	fsr1l,??_isr+4
   360  000028  CFE2 F006          	movff	fsr1h,??_isr+5
   361  00002C  CFD9 F007          	movff	fsr2l,??_isr+6
   362  000030  CFDA F008          	movff	fsr2h,??_isr+7
   363  000034  CFF3 F009          	movff	prodl,??_isr+8
   364  000038  CFF4 F00A          	movff	prodh,??_isr+9
   365  00003C  CFF6 F00B          	movff	tblptrl,??_isr+10
   366  000040  CFF7 F00C          	movff	tblptrh,??_isr+11
   367  000044  CFF8 F00D          	movff	tblptru,??_isr+12
   368  000048  CFF5 F00E          	movff	tablat,??_isr+13
   369                           
   370                           ;isr.c: 8: if (INT0F == 1)
   371  00004C  A2F2               	btfss	intcon,1,c	;volatile
   372  00004E  D002               	goto	i2l8
   373                           
   374                           ;isr.c: 9: {
   375                           ;isr.c: 10: key_detected = 1;
   376  000050  8017               	bsf	_key_detected/(0+8),_key_detected& (0+7),c
   377                           
   378                           ;isr.c: 12: INT0F = 0;
   379  000052  92F2               	bcf	intcon,1,c	;volatile
   380  000054                     i2l8:
   381  000054  C00E  FFF5         	movff	??_isr+13,tablat
   382  000058  C00D  FFF8         	movff	??_isr+12,tblptru
   383  00005C  C00C  FFF7         	movff	??_isr+11,tblptrh
   384  000060  C00B  FFF6         	movff	??_isr+10,tblptrl
   385  000064  C00A  FFF4         	movff	??_isr+9,prodh
   386  000068  C009  FFF3         	movff	??_isr+8,prodl
   387  00006C  C008  FFDA         	movff	??_isr+7,fsr2h
   388  000070  C007  FFD9         	movff	??_isr+6,fsr2l
   389  000074  C006  FFE2         	movff	??_isr+5,fsr1h
   390  000078  C005  FFE1         	movff	??_isr+4,fsr1l
   391  00007C  C004  FFEA         	movff	??_isr+3,fsr0h
   392  000080  C003  FFE9         	movff	??_isr+2,fsr0l
   393  000084  C002  FFFB         	movff	??_isr+1,pclatu
   394  000088  C001  FFFA         	movff	??_isr,pclath
   395  00008C  9218               	bcf	btemp,1,c	;clear compiler interrupt flag (level 2)
   396  00008E  0011               	retfie		f
   397  000090                     __end_of_isr:
   398                           	opt stack 0
   399  0000                     pclatu	equ	0xFFB
   400                           pclath	equ	0xFFA
   401                           tblptru	equ	0xFF8
   402                           tblptrh	equ	0xFF7
   403                           tblptrl	equ	0xFF6
   404                           tablat	equ	0xFF5
   405                           prodh	equ	0xFF4
   406                           prodl	equ	0xFF3
   407                           intcon	equ	0xFF2
   408                           intcon2	equ	0xFF1
   409                           fsr0h	equ	0xFEA
   410                           fsr0l	equ	0xFE9
   411                           fsr1h	equ	0xFE2
   412                           fsr1l	equ	0xFE1
   413                           fsr2h	equ	0xFDA
   414                           fsr2l	equ	0xFD9
   415                           status	equ	0xFD8
   416                           pclatu	equ	0xFFB
   417                           pclath	equ	0xFFA
   418                           tblptru	equ	0xFF8
   419                           tblptrh	equ	0xFF7
   420                           tblptrl	equ	0xFF6
   421                           tablat	equ	0xFF5
   422                           prodh	equ	0xFF4
   423                           prodl	equ	0xFF3
   424                           intcon	equ	0xFF2
   425                           intcon2	equ	0xFF1
   426                           fsr0h	equ	0xFEA
   427                           fsr0l	equ	0xFE9
   428                           fsr1h	equ	0xFE2
   429                           fsr1l	equ	0xFE1
   430                           fsr2h	equ	0xFDA
   431                           fsr2l	equ	0xFD9
   432                           status	equ	0xFD8
   433                           
   434                           	psect	rparam
   435  0000                     pclatu	equ	0xFFB
   436                           pclath	equ	0xFFA
   437                           tblptru	equ	0xFF8
   438                           tblptrh	equ	0xFF7
   439                           tblptrl	equ	0xFF6
   440                           tablat	equ	0xFF5
   441                           prodh	equ	0xFF4
   442                           prodl	equ	0xFF3
   443                           intcon	equ	0xFF2
   444                           intcon2	equ	0xFF1
   445                           fsr0h	equ	0xFEA
   446                           fsr0l	equ	0xFE9
   447                           fsr1h	equ	0xFE2
   448                           fsr1l	equ	0xFE1
   449                           fsr2h	equ	0xFDA
   450                           fsr2l	equ	0xFD9
   451                           status	equ	0xFD8
   452                           
   453                           	psect	temp
   454  000018                     btemp:
   455                           	opt stack 0
   456  000018                     	ds	1
   457  0000                     int$flags	set	btemp
   458                           pclatu	equ	0xFFB
   459                           pclath	equ	0xFFA
   460                           tblptru	equ	0xFF8
   461                           tblptrh	equ	0xFF7
   462                           tblptrl	equ	0xFF6
   463                           tablat	equ	0xFF5
   464                           prodh	equ	0xFF4
   465                           prodl	equ	0xFF3
   466                           intcon	equ	0xFF2
   467                           intcon2	equ	0xFF1
   468                           fsr0h	equ	0xFEA
   469                           fsr0l	equ	0xFE9
   470                           fsr1h	equ	0xFE2
   471                           fsr1l	equ	0xFE1
   472                           fsr2h	equ	0xFDA
   473                           fsr2l	equ	0xFD9
   474                           status	equ	0xFD8


Data Sizes:
    Strings     0
    Constant    0
    Data        0
    BSS         0
    Persistent  0
    Stack       0

Auto Spaces:
    Space          Size  Autos    Used
    COMRAM           94     22      23
    BANK0           160      0       0
    BANK1           256      0       0
    BANK2           256      0       0
    BANK3           256      0       0
    BANK4           256      0       0
    BANK5           256      0       0

Pointer List with Targets:

    None.

Critical Paths under _main in COMRAM

    None.

Critical Paths under _isr in COMRAM

    None.

Critical Paths under _main in BANK0

    None.

Critical Paths under _isr in BANK0

    None.

Critical Paths under _main in BANK1

    None.

Critical Paths under _isr in BANK1

    None.

Critical Paths under _main in BANK2

    None.

Critical Paths under _isr in BANK2

    None.

Critical Paths under _main in BANK3

    None.

Critical Paths under _isr in BANK3

    None.

Critical Paths under _main in BANK4

    None.

Critical Paths under _isr in BANK4

    None.

Critical Paths under _main in BANK5

    None.

Critical Paths under _isr in BANK5

    None.

Call Graph Tables:

 ---------------------------------------------------------------------------------
 (Depth) Function   	        Calls       Base Space   Used Autos Params    Refs
 ---------------------------------------------------------------------------------
 (0) _main                                                 8     8      0      30
                                             14 COMRAM     8     8      0
                        _init_config
 ---------------------------------------------------------------------------------
 (1) _init_config                                          0     0      0       0
            _init_external_interrupt
 ---------------------------------------------------------------------------------
 (2) _init_external_interrupt                              0     0      0       0
 ---------------------------------------------------------------------------------
 Estimated maximum stack depth 2
 ---------------------------------------------------------------------------------
 (Depth) Function   	        Calls       Base Space   Used Autos Params    Refs
 ---------------------------------------------------------------------------------
 (3) _isr                                                 14    14      0       0
                                              0 COMRAM    14    14      0
 ---------------------------------------------------------------------------------
 Estimated maximum stack depth 3
 ---------------------------------------------------------------------------------

 Call Graph Graphs:

 _main (ROOT)
   _init_config
     _init_external_interrupt

 _isr (ROOT)

 Address spaces:
Name               Size   Autos  Total    Cost      Usage
BIGRAM             5FF      0       0      16        0.0%
EEDATA             100      0       0       0        0.0%
BITBANK5           100      0       0      14        0.0%
BANK5              100      0       0      15        0.0%
BITBANK4           100      0       0      12        0.0%
BANK4              100      0       0      13        0.0%
BITBANK3           100      0       0      10        0.0%
BANK3              100      0       0      11        0.0%
BITBANK2           100      0       0       8        0.0%
BANK2              100      0       0       9        0.0%
BITBANK1           100      0       0       6        0.0%
BANK1              100      0       0       7        0.0%
BITBANK0            A0      0       0       4        0.0%
BANK0               A0      0       0       5        0.0%
BITCOMRAM           5E      0       1       0        1.1%
COMRAM              5E     16      17       1       24.5%
BITSFR_3             0      0       0      40        0.0%
SFR_3                0      0       0      40        0.0%
BITSFR_2             0      0       0      40        0.0%
SFR_2                0      0       0      40        0.0%
BITSFR_1             0      0       0      40        0.0%
SFR_1                0      0       0      40        0.0%
BITSFR               0      0       0      40        0.0%
SFR                  0      0       0      40        0.0%
STACK                0      0       0       2        0.0%
NULL                 0      0       0       0        0.0%
ABS                  0      0      17       3        0.0%
DATA                 0      0      17      17        0.0%
CODE                 0      0       0       0        0.0%


Microchip Technology PIC18 Macro Assembler V1.36 build -262312587 
Symbol Table                                                                                   Thu Dec 19 17:41:52 2019

                              u30 00AA                               l671 00B4  
                             l665 009C                               l675 00D4  
                             l669 00AC                               _GIE 007F97  
                             _RB1 007C09                               i2l8 0054  
__size_of_init_external_interrupt 0008                               _isr 0008  
                            ?_isr 0001                              _main 0090  
                            fsr0h 000FEA                              fsr1h 000FE2  
                            fsr0l 000FE9                              fsr2h 000FDA  
                            fsr1l 000FE1                              fsr2l 000FD9  
                            btemp 0018                              pclat 000FFA  
                            prodh 000FF4                              prodl 000FF3  
                            start 0016                      ___param_bank 000010  
                           ??_isr 0001                             ?_main 0001  
                           _INT0E 007F94                             _INT0F 007F91  
                    ?_init_config 0001                    __pbitbssCOMRAM 00B8  
                           tablat 000FF5                             status 000FD8  
                 __initialization 0102                      __end_of_main 00F2  
                          ??_main 000F                     __activetblptr 000000  
                          _ADCON1 000FC1                            _TRISB0 007C98  
                          _TRISB1 007C99           _init_external_interrupt 010E  
                          tblptrh 000FF7                            tblptrl 000FF6  
                          tblptru 000FF8                        __accesstop 0060  
         __end_of__initialization 0104                     ___rparam_used 000001  
                  __pcstackCOMRAM 0001              __size_of_init_config 0010  
       ??_init_external_interrupt 000F                           _INTEDG0 007F8E  
                         __Hparam 0000                           __Lparam 0000  
                         __pcinit 0102                           __ramtop 0600  
                         __ptext0 0090                           __ptext1 00F2  
                         __ptext2 010E                      __size_of_isr 0088  
 __end_of_init_external_interrupt 0116                    __pintcode_body 001A  
            end_of_initialization 0104                           int_func 001A  
             start_initialization 0102                       __end_of_isr 0090  
                   ??_init_config 000F                      _key_detected 00B8  
                       __pintcode 0008               __end_of_init_config 0102  
        ?_init_external_interrupt 0001                         main@wait1 0015  
                       main@wait2 0011                          __Hrparam 0000  
                        __Lrparam 0000                       _init_config 00F2  
                   __size_of_main 0062                          int$flags 0018  
                        main@once 000F                          intlevel2 0000  
