

Microchip Technology PIC18 LITE Macro Assembler V1.36 build -262312587 
                                                                                               Fri May 17 09:35:22 2019

Microchip Technology Omniscient Code Generator v1.36 (Free mode) build 201601150325
     1                           	processor	18F4580
     2                           	fnconf	rparam,??,?,0
     3                           	opt	pw 120
     4                           	opt	lm
     5                           	psect	cinit,global,reloc=2,class=CODE,delta=1
     6                           	psect	bitbssCOMRAM,global,bit,class=COMRAM,space=1,delta=1
     7                           	psect	cstackCOMRAM,global,class=COMRAM,space=1,delta=1
     8                           	psect	text0,global,reloc=2,class=CODE,delta=1
     9                           	psect	text1,global,reloc=2,class=CODE,delta=1
    10                           	psect	text2,global,reloc=2,class=CODE,delta=1
    11                           	psect	intcode,global,reloc=2,class=CODE,delta=1
    12                           	psect	intcode_body,global,reloc=2,class=CODE,delta=1
    13                           	psect	intsave_regs,global,class=BIGRAM,space=1,delta=1
    14                           	psect	rparam,global,class=COMRAM,space=1,delta=1
    15                           	psect	temp,global,ovrld,common,class=COMRAM,space=1,delta=1
    16  0000                     _ADCON1	set	4033
    17  0000                     _GIE	set	32663
    18  0000                     _INT0E	set	32660
    19  0000                     _INT0F	set	32657
    20  0000                     _INTEDG0	set	32654
    21  0000                     _RB6	set	31758
    22  0000                     _TRISB0	set	31896
    23  0000                     _TRISB6	set	31902
    24                           
    25                           ; #config settings
    26  0000                     
    27                           	psect	cinit
    28  0000F0                     __pcinit:
    29                           	opt stack 0
    30  0000F0                     start_initialization:
    31                           	opt stack 0
    32  0000F0                     __initialization:
    33                           	opt stack 0
    34                           
    35                           ; Clear objects allocated to BITCOMRAM (1 bytes)
    36  0000F0  6A15               	clrf	(__pbitbssCOMRAM/(0+8))& (0+255),c
    37  0000F2                     end_of_initialization:
    38                           	opt stack 0
    39  0000F2                     __end_of__initialization:
    40                           	opt stack 0
    41  0000F2  9016               	bcf	int$flags,0,c	;clear compiler interrupt flag (level 1)
    42  0000F4  9216               	bcf	int$flags,1,c	;clear compiler interrupt flag (level 2)
    43  0000F6  0100               	movlb	0
    44  0000F8  EF48  F000         	goto	_main	;jump to C main() function
    45                           
    46                           	psect	bitbssCOMRAM
    47  0000A8                     __pbitbssCOMRAM:
    48                           	opt stack 0
    49  0000A8                     _key_detected:
    50                           	opt stack 0
    51  0000A8                     	ds	1
    52                           
    53                           	psect	cstackCOMRAM
    54  000001                     __pcstackCOMRAM:
    55                           	opt stack 0
    56  000001                     ??_isr:
    57  000001                     
    58                           ; 1 bytes @ 0x0
    59  000001                     	ds	14
    60  00000F                     main@once:
    61                           	opt stack 0
    62                           
    63                           ; 2 bytes @ 0xE
    64  00000F                     	ds	2
    65  000011                     main@wait1:
    66                           	opt stack 0
    67                           
    68                           ; 2 bytes @ 0x10
    69  000011                     	ds	2
    70  000013                     main@wait2:
    71                           	opt stack 0
    72                           
    73                           ; 2 bytes @ 0x12
    74  000013                     	ds	2
    75                           
    76 ;;
    77 ;;Main: autosize = 0, tempsize = 0, incstack = 0, save=0
    78 ;;
    79 ;; *************** function _main *****************
    80 ;; Defined at:
    81 ;;		line 24 in file "main.c"
    82 ;; Parameters:    Size  Location     Type
    83 ;;		None
    84 ;; Auto vars:     Size  Location     Type
    85 ;;  wait2           2   18[COMRAM] unsigned short 
    86 ;;  wait1           2   16[COMRAM] unsigned short 
    87 ;;  once            2   14[COMRAM] unsigned short 
    88 ;; Return value:  Size  Location     Type
    89 ;;                  1    wreg      void 
    90 ;; Registers used:
    91 ;;		wreg, status,2, status,0, cstack
    92 ;; Tracked objects:
    93 ;;		On entry : 0/0
    94 ;;		On exit  : 0/0
    95 ;;		Unchanged: 0/0
    96 ;; Data sizes:     COMRAM   BANK0   BANK1   BANK2   BANK3   BANK4   BANK5
    97 ;;      Params:         0       0       0       0       0       0       0
    98 ;;      Locals:         6       0       0       0       0       0       0
    99 ;;      Temps:          0       0       0       0       0       0       0
   100 ;;      Totals:         6       0       0       0       0       0       0
   101 ;;Total ram usage:        6 bytes
   102 ;; Hardware stack levels required when called:    3
   103 ;; This function calls:
   104 ;;		_init_config
   105 ;; This function is called by:
   106 ;;		Startup code after reset
   107 ;; This function uses a non-reentrant model
   108 ;;
   109                           
   110                           	psect	text0
   111  000090                     __ptext0:
   112                           	opt stack 0
   113  000090                     _main:
   114                           	opt stack 28
   115                           
   116                           ;main.c: 26: unsigned short wait1;
   117                           ;main.c: 27: unsigned short wait2;
   118                           ;main.c: 28: unsigned short once = 1;
   119                           
   120                           ;incstack = 0
   121  000090  0E00               	movlw	0
   122  000092  6E10               	movwf	main@once+1,c
   123  000094  0E01               	movlw	1
   124  000096  6E0F               	movwf	main@once,c
   125                           
   126                           ;main.c: 29: init_config();
   127  000098  EC70  F000         	call	_init_config	;wreg free
   128  00009C                     l665:
   129                           
   130                           ;main.c: 32: {
   131                           ;main.c: 33: if (key_detected)
   132  00009C  A015               	btfss	_key_detected/(0+8),_key_detected& (0+7),c
   133  00009E  D006               	goto	l669
   134                           
   135                           ;main.c: 34: {
   136                           ;main.c: 35: key_detected = 0;
   137  0000A0  9015               	bcf	_key_detected/(0+8),_key_detected& (0+7),c
   138                           
   139                           ;main.c: 36: RB6 = !RB6;
   140  0000A2  BC81               	btfsc	3969,6,c	;volatile
   141  0000A4  D002               	goto	u30
   142  0000A6  8C81               	bsf	3969,6,c	;volatile
   143  0000A8  D001               	goto	l669
   144  0000AA                     u30:
   145  0000AA  9C81               	bcf	3969,6,c	;volatile
   146  0000AC                     l669:
   147                           
   148                           ;main.c: 37: }
   149                           ;main.c: 50: for (wait1 = 50; wait1--; )
   150  0000AC  0E00               	movlw	0
   151  0000AE  6E12               	movwf	main@wait1+1,c
   152  0000B0  0E32               	movlw	50
   153  0000B2  6E11               	movwf	main@wait1,c
   154  0000B4  D00C               	goto	l675
   155  0000B6                     l671:
   156                           
   157                           ;main.c: 51: for (wait2 = 50000; wait2--; );
   158  0000B6  0EC3               	movlw	195
   159  0000B8  6E14               	movwf	main@wait2+1,c
   160  0000BA  0E50               	movlw	80
   161  0000BC  6E13               	movwf	main@wait2,c
   162  0000BE                     l673:
   163  0000BE  0613               	decf	main@wait2,f,c
   164  0000C0  A0D8               	btfss	status,0,c
   165  0000C2  0614               	decf	main@wait2+1,f,c
   166  0000C4  2813               	incf	main@wait2,w,c
   167  0000C6  E1FB               	bnz	l673
   168  0000C8  2814               	incf	main@wait2+1,w,c
   169  0000CA  A4D8               	btfss	status,2,c
   170  0000CC  D7F8               	goto	l673
   171  0000CE                     l675:
   172  0000CE  0611               	decf	main@wait1,f,c
   173  0000D0  A0D8               	btfss	status,0,c
   174  0000D2  0612               	decf	main@wait1+1,f,c
   175  0000D4  2811               	incf	main@wait1,w,c
   176  0000D6  E1EF               	bnz	l671
   177  0000D8  2812               	incf	main@wait1+1,w,c
   178  0000DA  B4D8               	btfsc	status,2,c
   179  0000DC  D7DF               	goto	l665
   180  0000DE  D7EB               	goto	l671
   181  0000E0                     __end_of_main:
   182                           	opt stack 0
   183                           status	equ	0xFD8
   184                           
   185 ;; *************** function _init_config *****************
   186 ;; Defined at:
   187 ;;		line 10 in file "main.c"
   188 ;; Parameters:    Size  Location     Type
   189 ;;		None
   190 ;; Auto vars:     Size  Location     Type
   191 ;;		None
   192 ;; Return value:  Size  Location     Type
   193 ;;                  1    wreg      void 
   194 ;; Registers used:
   195 ;;		wreg, status,2, cstack
   196 ;; Tracked objects:
   197 ;;		On entry : 0/0
   198 ;;		On exit  : 0/0
   199 ;;		Unchanged: 0/0
   200 ;; Data sizes:     COMRAM   BANK0   BANK1   BANK2   BANK3   BANK4   BANK5
   201 ;;      Params:         0       0       0       0       0       0       0
   202 ;;      Locals:         0       0       0       0       0       0       0
   203 ;;      Temps:          0       0       0       0       0       0       0
   204 ;;      Totals:         0       0       0       0       0       0       0
   205 ;;Total ram usage:        0 bytes
   206 ;; Hardware stack levels used:    1
   207 ;; Hardware stack levels required when called:    2
   208 ;; This function calls:
   209 ;;		_init_external_interrupt
   210 ;; This function is called by:
   211 ;;		_main
   212 ;; This function uses a non-reentrant model
   213 ;;
   214                           
   215                           	psect	text1
   216  0000E0                     __ptext1:
   217                           	opt stack 0
   218  0000E0                     _init_config:
   219                           	opt stack 28
   220                           
   221                           ;main.c: 12: ADCON1 = 0x0F;
   222                           
   223                           ;incstack = 0
   224  0000E0  0E0F               	movlw	15
   225  0000E2  6EC1               	movwf	4033,c	;volatile
   226                           
   227                           ;main.c: 14: TRISB6 = 0;
   228  0000E4  9C93               	bcf	3987,6,c	;volatile
   229                           
   230                           ;main.c: 15: TRISB0 = 1;
   231  0000E6  8093               	bsf	3987,0,c	;volatile
   232                           
   233                           ;main.c: 17: init_external_interrupt();
   234  0000E8  EC7E  F000         	call	_init_external_interrupt	;wreg free
   235                           
   236                           ;main.c: 19: GIE = 1;
   237  0000EC  8EF2               	bsf	intcon,7,c	;volatile
   238  0000EE  0012               	return		;funcret
   239  0000F0                     __end_of_init_config:
   240                           	opt stack 0
   241                           intcon	equ	0xFF2
   242                           status	equ	0xFD8
   243                           
   244 ;; *************** function _init_external_interrupt *****************
   245 ;; Defined at:
   246 ;;		line 4 in file "external_interrupt.c"
   247 ;; Parameters:    Size  Location     Type
   248 ;;		None
   249 ;; Auto vars:     Size  Location     Type
   250 ;;		None
   251 ;; Return value:  Size  Location     Type
   252 ;;                  1    wreg      void 
   253 ;; Registers used:
   254 ;;		None
   255 ;; Tracked objects:
   256 ;;		On entry : 0/0
   257 ;;		On exit  : 0/0
   258 ;;		Unchanged: 0/0
   259 ;; Data sizes:     COMRAM   BANK0   BANK1   BANK2   BANK3   BANK4   BANK5
   260 ;;      Params:         0       0       0       0       0       0       0
   261 ;;      Locals:         0       0       0       0       0       0       0
   262 ;;      Temps:          0       0       0       0       0       0       0
   263 ;;      Totals:         0       0       0       0       0       0       0
   264 ;;Total ram usage:        0 bytes
   265 ;; Hardware stack levels used:    1
   266 ;; Hardware stack levels required when called:    1
   267 ;; This function calls:
   268 ;;		Nothing
   269 ;; This function is called by:
   270 ;;		_init_config
   271 ;; This function uses a non-reentrant model
   272 ;;
   273                           
   274                           	psect	text2
   275  0000FC                     __ptext2:
   276                           	opt stack 0
   277  0000FC                     _init_external_interrupt:
   278                           	opt stack 28
   279                           
   280                           ;external_interrupt.c: 6: INTEDG0 = 1;
   281                           
   282                           ;incstack = 0
   283  0000FC  8CF1               	bsf	intcon2,6,c	;volatile
   284                           
   285                           ;external_interrupt.c: 7: INT0F = 0;
   286  0000FE  92F2               	bcf	intcon,1,c	;volatile
   287                           
   288                           ;external_interrupt.c: 8: INT0E = 1;
   289  000100  88F2               	bsf	intcon,4,c	;volatile
   290  000102  0012               	return		;funcret
   291  000104                     __end_of_init_external_interrupt:
   292                           	opt stack 0
   293                           intcon	equ	0xFF2
   294                           intcon2	equ	0xFF1
   295                           status	equ	0xFD8
   296                           
   297 ;; *************** function _isr *****************
   298 ;; Defined at:
   299 ;;		line 6 in file "isr.c"
   300 ;; Parameters:    Size  Location     Type
   301 ;;		None
   302 ;; Auto vars:     Size  Location     Type
   303 ;;		None
   304 ;; Return value:  Size  Location     Type
   305 ;;                  1    wreg      void 
   306 ;; Registers used:
   307 ;;		None
   308 ;; Tracked objects:
   309 ;;		On entry : 0/0
   310 ;;		On exit  : 0/0
   311 ;;		Unchanged: 0/0
   312 ;; Data sizes:     COMRAM   BANK0   BANK1   BANK2   BANK3   BANK4   BANK5
   313 ;;      Params:         0       0       0       0       0       0       0
   314 ;;      Locals:         0       0       0       0       0       0       0
   315 ;;      Temps:         14       0       0       0       0       0       0
   316 ;;      Totals:        14       0       0       0       0       0       0
   317 ;;Total ram usage:       14 bytes
   318 ;; Hardware stack levels used:    1
   319 ;; This function calls:
   320 ;;		Nothing
   321 ;; This function is called by:
   322 ;;		Interrupt level 2
   323 ;; This function uses a non-reentrant model
   324 ;;
   325                           
   326                           	psect	intcode
   327  000008                     __pintcode:
   328                           	opt stack 0
   329  000008                     _isr:
   330                           	opt stack 28
   331                           
   332                           ;incstack = 0
   333  000008  8216               	bsf	btemp,1,c	;set compiler interrupt flag (level 2)
   334  00000A  CFFA F001          	movff	pclath,??_isr
   335  00000E  CFFB F002          	movff	pclatu,??_isr+1
   336  000012  ED0D  F000         	call	int_func,f	;refresh shadow registers
   337                           pclatu	equ	0xFFB
   338                           pclath	equ	0xFFA
   339                           intcon	equ	0xFF2
   340                           intcon2	equ	0xFF1
   341                           status	equ	0xFD8
   342                           
   343                           	psect	intcode_body
   344  00001A                     __pintcode_body:
   345                           	opt stack 28
   346  00001A                     int_func:
   347                           	opt stack 28
   348  00001A  0006               	pop		; remove dummy address from shadow register refresh
   349  00001C  CFE9 F003          	movff	fsr0l,??_isr+2
   350  000020  CFEA F004          	movff	fsr0h,??_isr+3
   351  000024  CFE1 F005          	movff	fsr1l,??_isr+4
   352  000028  CFE2 F006          	movff	fsr1h,??_isr+5
   353  00002C  CFD9 F007          	movff	fsr2l,??_isr+6
   354  000030  CFDA F008          	movff	fsr2h,??_isr+7
   355  000034  CFF3 F009          	movff	prodl,??_isr+8
   356  000038  CFF4 F00A          	movff	prodh,??_isr+9
   357  00003C  CFF6 F00B          	movff	tblptrl,??_isr+10
   358  000040  CFF7 F00C          	movff	tblptrh,??_isr+11
   359  000044  CFF8 F00D          	movff	tblptru,??_isr+12
   360  000048  CFF5 F00E          	movff	tablat,??_isr+13
   361                           
   362                           ;isr.c: 8: if (INT0F == 1)
   363  00004C  A2F2               	btfss	intcon,1,c	;volatile
   364  00004E  D002               	goto	i2l8
   365                           
   366                           ;isr.c: 9: {
   367                           ;isr.c: 10: key_detected = 1;
   368  000050  8015               	bsf	_key_detected/(0+8),_key_detected& (0+7),c
   369                           
   370                           ;isr.c: 12: INT0F = 0;
   371  000052  92F2               	bcf	intcon,1,c	;volatile
   372  000054                     i2l8:
   373  000054  C00E  FFF5         	movff	??_isr+13,tablat
   374  000058  C00D  FFF8         	movff	??_isr+12,tblptru
   375  00005C  C00C  FFF7         	movff	??_isr+11,tblptrh
   376  000060  C00B  FFF6         	movff	??_isr+10,tblptrl
   377  000064  C00A  FFF4         	movff	??_isr+9,prodh
   378  000068  C009  FFF3         	movff	??_isr+8,prodl
   379  00006C  C008  FFDA         	movff	??_isr+7,fsr2h
   380  000070  C007  FFD9         	movff	??_isr+6,fsr2l
   381  000074  C006  FFE2         	movff	??_isr+5,fsr1h
   382  000078  C005  FFE1         	movff	??_isr+4,fsr1l
   383  00007C  C004  FFEA         	movff	??_isr+3,fsr0h
   384  000080  C003  FFE9         	movff	??_isr+2,fsr0l
   385  000084  C002  FFFB         	movff	??_isr+1,pclatu
   386  000088  C001  FFFA         	movff	??_isr,pclath
   387  00008C  9216               	bcf	btemp,1,c	;clear compiler interrupt flag (level 2)
   388  00008E  0011               	retfie		f
   389  000090                     __end_of_isr:
   390                           	opt stack 0
   391  0000                     pclatu	equ	0xFFB
   392                           pclath	equ	0xFFA
   393                           tblptru	equ	0xFF8
   394                           tblptrh	equ	0xFF7
   395                           tblptrl	equ	0xFF6
   396                           tablat	equ	0xFF5
   397                           prodh	equ	0xFF4
   398                           prodl	equ	0xFF3
   399                           intcon	equ	0xFF2
   400                           intcon2	equ	0xFF1
   401                           fsr0h	equ	0xFEA
   402                           fsr0l	equ	0xFE9
   403                           fsr1h	equ	0xFE2
   404                           fsr1l	equ	0xFE1
   405                           fsr2h	equ	0xFDA
   406                           fsr2l	equ	0xFD9
   407                           status	equ	0xFD8
   408                           pclatu	equ	0xFFB
   409                           pclath	equ	0xFFA
   410                           tblptru	equ	0xFF8
   411                           tblptrh	equ	0xFF7
   412                           tblptrl	equ	0xFF6
   413                           tablat	equ	0xFF5
   414                           prodh	equ	0xFF4
   415                           prodl	equ	0xFF3
   416                           intcon	equ	0xFF2
   417                           intcon2	equ	0xFF1
   418                           fsr0h	equ	0xFEA
   419                           fsr0l	equ	0xFE9
   420                           fsr1h	equ	0xFE2
   421                           fsr1l	equ	0xFE1
   422                           fsr2h	equ	0xFDA
   423                           fsr2l	equ	0xFD9
   424                           status	equ	0xFD8
   425                           
   426                           	psect	rparam
   427  0000                     pclatu	equ	0xFFB
   428                           pclath	equ	0xFFA
   429                           tblptru	equ	0xFF8
   430                           tblptrh	equ	0xFF7
   431                           tblptrl	equ	0xFF6
   432                           tablat	equ	0xFF5
   433                           prodh	equ	0xFF4
   434                           prodl	equ	0xFF3
   435                           intcon	equ	0xFF2
   436                           intcon2	equ	0xFF1
   437                           fsr0h	equ	0xFEA
   438                           fsr0l	equ	0xFE9
   439                           fsr1h	equ	0xFE2
   440                           fsr1l	equ	0xFE1
   441                           fsr2h	equ	0xFDA
   442                           fsr2l	equ	0xFD9
   443                           status	equ	0xFD8
   444                           
   445                           	psect	temp
   446  000016                     btemp:
   447                           	opt stack 0
   448  000016                     	ds	1
   449  0000                     int$flags	set	btemp
   450                           pclatu	equ	0xFFB
   451                           pclath	equ	0xFFA
   452                           tblptru	equ	0xFF8
   453                           tblptrh	equ	0xFF7
   454                           tblptrl	equ	0xFF6
   455                           tablat	equ	0xFF5
   456                           prodh	equ	0xFF4
   457                           prodl	equ	0xFF3
   458                           intcon	equ	0xFF2
   459                           intcon2	equ	0xFF1
   460                           fsr0h	equ	0xFEA
   461                           fsr0l	equ	0xFE9
   462                           fsr1h	equ	0xFE2
   463                           fsr1l	equ	0xFE1
   464                           fsr2h	equ	0xFDA
   465                           fsr2l	equ	0xFD9
   466                           status	equ	0xFD8


Data Sizes:
    Strings     0
    Constant    0
    Data        0
    BSS         0
    Persistent  0
    Stack       0

Auto Spaces:
    Space          Size  Autos    Used
    COMRAM           94     20      21
    BANK0           160      0       0
    BANK1           256      0       0
    BANK2           256      0       0
    BANK3           256      0       0
    BANK4           256      0       0
    BANK5           256      0       0

Pointer List with Targets:

    None.

Critical Paths under _main in COMRAM

    None.

Critical Paths under _isr in COMRAM

    None.

Critical Paths under _main in BANK0

    None.

Critical Paths under _isr in BANK0

    None.

Critical Paths under _main in BANK1

    None.

Critical Paths under _isr in BANK1

    None.

Critical Paths under _main in BANK2

    None.

Critical Paths under _isr in BANK2

    None.

Critical Paths under _main in BANK3

    None.

Critical Paths under _isr in BANK3

    None.

Critical Paths under _main in BANK4

    None.

Critical Paths under _isr in BANK4

    None.

Critical Paths under _main in BANK5

    None.

Critical Paths under _isr in BANK5

    None.

Call Graph Tables:

 ---------------------------------------------------------------------------------
 (Depth) Function   	        Calls       Base Space   Used Autos Params    Refs
 ---------------------------------------------------------------------------------
 (0) _main                                                 6     6      0      30
                                             14 COMRAM     6     6      0
                        _init_config
 ---------------------------------------------------------------------------------
 (1) _init_config                                          0     0      0       0
            _init_external_interrupt
 ---------------------------------------------------------------------------------
 (2) _init_external_interrupt                              0     0      0       0
 ---------------------------------------------------------------------------------
 Estimated maximum stack depth 2
 ---------------------------------------------------------------------------------
 (Depth) Function   	        Calls       Base Space   Used Autos Params    Refs
 ---------------------------------------------------------------------------------
 (3) _isr                                                 14    14      0       0
                                              0 COMRAM    14    14      0
 ---------------------------------------------------------------------------------
 Estimated maximum stack depth 3
 ---------------------------------------------------------------------------------

 Call Graph Graphs:

 _main (ROOT)
   _init_config
     _init_external_interrupt

 _isr (ROOT)

 Address spaces:
Name               Size   Autos  Total    Cost      Usage
BIGRAM             5FF      0       0      16        0.0%
EEDATA             100      0       0       0        0.0%
BITBANK5           100      0       0      14        0.0%
BANK5              100      0       0      15        0.0%
BITBANK4           100      0       0      12        0.0%
BANK4              100      0       0      13        0.0%
BITBANK3           100      0       0      10        0.0%
BANK3              100      0       0      11        0.0%
BITBANK2           100      0       0       8        0.0%
BANK2              100      0       0       9        0.0%
BITBANK1           100      0       0       6        0.0%
BANK1              100      0       0       7        0.0%
BITBANK0            A0      0       0       4        0.0%
BANK0               A0      0       0       5        0.0%
BITCOMRAM           5E      0       1       0        1.1%
COMRAM              5E     14      15       1       22.3%
BITSFR_3             0      0       0      40        0.0%
SFR_3                0      0       0      40        0.0%
BITSFR_2             0      0       0      40        0.0%
SFR_2                0      0       0      40        0.0%
BITSFR_1             0      0       0      40        0.0%
SFR_1                0      0       0      40        0.0%
BITSFR               0      0       0      40        0.0%
SFR                  0      0       0      40        0.0%
STACK                0      0       0       2        0.0%
NULL                 0      0       0       0        0.0%
ABS                  0      0      15       3        0.0%
DATA                 0      0      15      17        0.0%
CODE                 0      0       0       0        0.0%


Microchip Technology PIC18 Macro Assembler V1.36 build -262312587 
Symbol Table                                                                                   Fri May 17 09:35:22 2019

                              u30 00AA                       __CFG_OSC$XT 000000  
                             l671 00B6                               l673 00BE  
                             l665 009C                               l675 00CE  
                             l669 00AC                               _GIE 007F97  
                             _RB6 007C0E                               i2l8 0054  
__size_of_init_external_interrupt 0008                               _isr 0008  
                    __CFG_LVP$OFF 000000                      __CFG_WDT$OFF 000000  
                            ?_isr 0001                              _main 0090  
                            fsr0h 000FEA                              fsr1h 000FE2  
                            fsr0l 000FE9                              fsr2h 000FDA  
                            fsr1l 000FE1                              fsr2l 000FD9  
                            btemp 0016                              pclat 000FFA  
                            prodh 000FF4                              prodl 000FF3  
                            start 0016                      ___param_bank 000010  
                           ??_isr 0001                             ?_main 0001  
                           _INT0E 007F94                             _INT0F 007F91  
                    ?_init_config 0001                    __pbitbssCOMRAM 00A8  
                  __CFG_BOREN$OFF 000000                             tablat 000FF5  
                           status 000FD8                   __initialization 00F0  
                    __end_of_main 00E0                            ??_main 000F  
                   __activetblptr 000000                            _ADCON1 000FC1  
                          _TRISB0 007C98                            _TRISB6 007C9E  
         _init_external_interrupt 00FC                            tblptrh 000FF7  
                          tblptrl 000FF6                            tblptru 000FF8  
                      __accesstop 0060           __end_of__initialization 00F2  
                 __CFG_PBADEN$OFF 000000                     ___rparam_used 000001  
                  __pcstackCOMRAM 0001              __size_of_init_config 0010  
       ??_init_external_interrupt 000F                           _INTEDG0 007F8E  
                         __Hparam 0000                           __Lparam 0000  
                         __pcinit 00F0                           __ramtop 0600  
                         __ptext0 0090                           __ptext1 00E0  
                         __ptext2 00FC                      __size_of_isr 0088  
 __end_of_init_external_interrupt 0104                    __pintcode_body 001A  
            end_of_initialization 00F2                           int_func 001A  
             start_initialization 00F0                       __end_of_isr 0090  
                   ??_init_config 000F                      _key_detected 00A8  
                       __pintcode 0008               __end_of_init_config 00F0  
        ?_init_external_interrupt 0001                         main@wait1 0011  
                       main@wait2 0013                          __Hrparam 0000  
                        __Lrparam 0000                       _init_config 00E0  
                   __size_of_main 0050                          int$flags 0016  
                        main@once 000F                          intlevel2 0000  
