

Microchip Technology PIC18 LITE Macro Assembler V1.36 build -262312587 
                                                                                               Thu Jan  2 15:52:03 2020

Microchip Technology Omniscient Code Generator v1.36 (Free mode) build 201601150325
     1                           	processor	18F4580
     2                           	fnconf	rparam,??,?,0
     3                           	opt	pw 120
     4                           	opt	lm
     5                           	psect	idataCOMRAM,global,class=CODE,delta=1
     6                           	psect	cinit,global,reloc=2,class=CODE,delta=1
     7                           	psect	dataCOMRAM,global,class=COMRAM,space=1,delta=1
     8                           	psect	cstackCOMRAM,global,class=COMRAM,space=1,delta=1
     9                           	psect	text0,global,reloc=2,class=CODE,delta=1
    10                           	psect	text1,global,reloc=2,class=CODE,delta=1
    11                           	psect	text2,global,reloc=2,class=CODE,delta=1
    12                           	psect	intsave_regs,global,class=BIGRAM,space=1,delta=1
    13                           	psect	rparam,global,class=COMRAM,space=1,delta=1
    14  0000                     
    15                           	psect	idataCOMRAM
    16  003000                     __pidataCOMRAM:
    17                           	opt stack 0
    18                           
    19                           ;initializer for read_digital_keypad@once
    20  003000  01                 	db	1
    21  0000                     _ADCON1	set	4033
    22  0000                     _PORTC	set	3970
    23  0000                     _TRISB	set	3987
    24  0000                     _TRISC	set	3988
    25  0000                     _RB0	set	31752
    26                           
    27                           ; #config settings
    28  0000                     
    29                           	psect	cinit
    30  002EF6                     __pcinit:
    31                           	opt stack 0
    32  002EF6                     start_initialization:
    33                           	opt stack 0
    34  002EF6                     __initialization:
    35                           	opt stack 0
    36                           
    37                           ; Initialize objects allocated to COMRAM (1 bytes)
    38                           ; load TBLPTR registers with __pidataCOMRAM
    39  002EF6  0E00               	movlw	low __pidataCOMRAM
    40  002EF8  6EF6               	movwf	tblptrl,c
    41  002EFA  0E30               	movlw	high __pidataCOMRAM
    42  002EFC  6EF7               	movwf	tblptrh,c
    43  002EFE  0E00               	movlw	low (__pidataCOMRAM shr (0+16))
    44  002F00  6EF8               	movwf	tblptru,c
    45  002F02  0009               	tblrd		*+	;fetch initializer
    46  002F04  CFF5 F00F          	movff	tablat,__pdataCOMRAM
    47  002F08                     end_of_initialization:
    48                           	opt stack 0
    49  002F08                     __end_of__initialization:
    50                           	opt stack 0
    51  002F08  0100               	movlb	0
    52  002F0A  EFA5  F017         	goto	_main	;jump to C main() function
    53                           tblptru	equ	0xFF8
    54                           tblptrh	equ	0xFF7
    55                           tblptrl	equ	0xFF6
    56                           tablat	equ	0xFF5
    57                           
    58                           	psect	dataCOMRAM
    59  00000F                     __pdataCOMRAM:
    60                           	opt stack 0
    61  00000F                     read_digital_keypad@once:
    62                           	opt stack 0
    63  00000F                     	ds	1
    64                           tblptru	equ	0xFF8
    65                           tblptrh	equ	0xFF7
    66                           tblptrl	equ	0xFF6
    67                           tablat	equ	0xFF5
    68                           
    69                           	psect	cstackCOMRAM
    70  000001                     __pcstackCOMRAM:
    71                           	opt stack 0
    72  000001                     read_digital_keypad@detection_type:
    73                           	opt stack 0
    74                           
    75                           ; 1 bytes @ 0x0
    76  000001                     	ds	1
    77  000002                     ??_main:
    78                           
    79                           ; 1 bytes @ 0x1
    80  000002                     	ds	2
    81  000004                     main@period:
    82                           	opt stack 0
    83                           
    84                           ; 2 bytes @ 0x3
    85  000004                     	ds	2
    86  000006                     main@key:
    87                           	opt stack 0
    88                           
    89                           ; 1 bytes @ 0x5
    90  000006                     	ds	1
    91  000007                     main@count:
    92                           	opt stack 0
    93                           
    94                           ; 2 bytes @ 0x6
    95  000007                     	ds	2
    96  000009                     main@i:
    97                           	opt stack 0
    98                           
    99                           ; 2 bytes @ 0x8
   100  000009                     	ds	2
   101  00000B                     main@i_36:
   102                           	opt stack 0
   103                           
   104                           ; 2 bytes @ 0xA
   105  00000B                     	ds	2
   106  00000D                     main@i_37:
   107                           	opt stack 0
   108                           
   109                           ; 2 bytes @ 0xC
   110  00000D                     	ds	2
   111                           tblptru	equ	0xFF8
   112                           tblptrh	equ	0xFF7
   113                           tblptrl	equ	0xFF6
   114                           tablat	equ	0xFF5
   115                           
   116 ;;
   117 ;;Main: autosize = 0, tempsize = 2, incstack = 0, save=0
   118 ;;
   119 ;; *************** function _main *****************
   120 ;; Defined at:
   121 ;;		line 17 in file "main.c"
   122 ;; Parameters:    Size  Location     Type
   123 ;;		None
   124 ;; Auto vars:     Size  Location     Type
   125 ;;  i               2   12[COMRAM] volatile int 
   126 ;;  i               2   10[COMRAM] volatile int 
   127 ;;  i               2    8[COMRAM] volatile int 
   128 ;;  count           2    6[COMRAM] int 
   129 ;;  period          2    3[COMRAM] int 
   130 ;;  key             1    5[COMRAM] unsigned char 
   131 ;; Return value:  Size  Location     Type
   132 ;;                  1    wreg      void 
   133 ;; Registers used:
   134 ;;		wreg, status,2, status,0, cstack
   135 ;; Tracked objects:
   136 ;;		On entry : 0/0
   137 ;;		On exit  : 0/0
   138 ;;		Unchanged: 0/0
   139 ;; Data sizes:     COMRAM   BANK0   BANK1   BANK2   BANK3   BANK4   BANK5
   140 ;;      Params:         0       0       0       0       0       0       0
   141 ;;      Locals:        11       0       0       0       0       0       0
   142 ;;      Temps:          2       0       0       0       0       0       0
   143 ;;      Totals:        13       0       0       0       0       0       0
   144 ;;Total ram usage:       13 bytes
   145 ;; Hardware stack levels required when called:    1
   146 ;; This function calls:
   147 ;;		_init_config
   148 ;;		_read_digital_keypad
   149 ;; This function is called by:
   150 ;;		Startup code after reset
   151 ;; This function uses a non-reentrant model
   152 ;;
   153                           
   154                           	psect	text0
   155  002F4A                     __ptext0:
   156                           	opt stack 0
   157  002F4A                     _main:
   158                           	opt stack 30
   159                           
   160                           ;main.c: 19: int count = 0, period = 1000;
   161                           
   162                           ;incstack = 0
   163  002F4A  0E00               	movlw	0
   164  002F4C  6E08               	movwf	main@count+1,c
   165  002F4E  0E00               	movlw	0
   166  002F50  6E07               	movwf	main@count,c
   167  002F52  0E03               	movlw	3
   168  002F54  6E05               	movwf	main@period+1,c
   169  002F56  0EE8               	movlw	232
   170  002F58  6E04               	movwf	main@period,c
   171                           
   172                           ;main.c: 20: unsigned char key;
   173                           ;main.c: 21: init_config();
   174  002F5A  EC75  F017         	call	_init_config	;wreg free
   175  002F5E                     l683:
   176                           
   177                           ;main.c: 23: {
   178                           ;main.c: 24: key = read_digital_keypad(0);
   179  002F5E  0E00               	movlw	0
   180  002F60  EC87  F017         	call	_read_digital_keypad
   181  002F64  6E06               	movwf	main@key,c
   182                           
   183                           ;main.c: 25: if (key == 0x0E)
   184  002F66  0E0E               	movlw	14
   185  002F68  1806               	xorwf	main@key,w,c
   186  002F6A  A4D8               	btfss	status,2,c
   187  002F6C  D00B               	goto	l689
   188                           
   189                           ;main.c: 26: {
   190                           ;main.c: 27: if (count < 1000)
   191  002F6E  BE08               	btfsc	main@count+1,7,c
   192  002F70  D006               	goto	l687
   193  002F72  0EE8               	movlw	232
   194  002F74  5C07               	subwf	main@count,w,c
   195  002F76  0E03               	movlw	3
   196  002F78  5808               	subwfb	main@count+1,w,c
   197  002F7A  B0D8               	btfsc	status,0,c
   198  002F7C  D010               	goto	l695
   199  002F7E                     l687:
   200                           
   201                           ;main.c: 28: count++;
   202  002F7E  4A07               	infsnz	main@count,f,c
   203  002F80  2A08               	incf	main@count+1,f,c
   204                           
   205                           ;main.c: 29: }
   206  002F82  D00D               	goto	l695
   207  002F84                     l689:
   208                           
   209                           ;main.c: 30: else if (key == 0x0D)
   210  002F84  0E0D               	movlw	13
   211  002F86  1806               	xorwf	main@key,w,c
   212  002F88  B4D8               	btfsc	status,2,c
   213                           
   214                           ;main.c: 31: {
   215                           ;main.c: 32: if (count > 0)
   216  002F8A  BE08               	btfsc	main@count+1,7,c
   217  002F8C  D008               	goto	l695
   218  002F8E  5008               	movf	main@count+1,w,c
   219  002F90  E103               	bnz	u90
   220  002F92  0407               	decf	main@count,w,c
   221  002F94  A0D8               	btfss	status,0,c
   222  002F96  D003               	goto	l695
   223  002F98                     u90:
   224                           
   225                           ;main.c: 33: count--;
   226  002F98  0607               	decf	main@count,f,c
   227  002F9A  A0D8               	btfss	status,0,c
   228  002F9C  0608               	decf	main@count+1,f,c
   229  002F9E                     l695:
   230                           
   231                           ;main.c: 34: }
   232                           ;main.c: 35: RB0 = 1;
   233  002F9E  8081               	bsf	3969,0,c	;volatile
   234                           
   235                           ;main.c: 36: for (volatile int i = count; i--;);
   236  002FA0  C007  F009         	movff	main@count,main@i	;volatile
   237  002FA4  C008  F00A         	movff	main@count+1,main@i+1	;volatile
   238  002FA8                     l699:
   239  002FA8  0609               	decf	main@i,f,c	;volatile
   240  002FAA  A0D8               	btfss	status,0,c
   241  002FAC  060A               	decf	main@i+1,f,c	;volatile
   242  002FAE  2809               	incf	main@i,w,c	;volatile
   243  002FB0  E1FB               	bnz	l699
   244  002FB2  280A               	incf	main@i+1,w,c	;volatile
   245  002FB4  A4D8               	btfss	status,2,c
   246  002FB6  D7F8               	goto	l699
   247                           
   248                           ;main.c: 37: RB0 = 0;
   249  002FB8  9081               	bcf	3969,0,c	;volatile
   250                           
   251                           ;main.c: 38: for (volatile int i = period - count; i--;);
   252  002FBA  C007  F002         	movff	main@count,??_main
   253  002FBE  C008  F003         	movff	main@count+1,??_main+1
   254  002FC2  1E02               	comf	??_main,f,c
   255  002FC4  1E03               	comf	??_main+1,f,c
   256  002FC6  4A02               	infsnz	??_main,f,c
   257  002FC8  2A03               	incf	??_main+1,f,c
   258  002FCA  5004               	movf	main@period,w,c
   259  002FCC  2402               	addwf	??_main,w,c
   260  002FCE  6E0B               	movwf	main@i_36,c	;volatile
   261  002FD0  5005               	movf	main@period+1,w,c
   262  002FD2  2003               	addwfc	??_main+1,w,c
   263  002FD4  6E0C               	movwf	main@i_36+1,c	;volatile
   264  002FD6                     l703:
   265  002FD6  060B               	decf	main@i_36,f,c	;volatile
   266  002FD8  A0D8               	btfss	status,0,c
   267  002FDA  060C               	decf	main@i_36+1,f,c	;volatile
   268  002FDC  280B               	incf	main@i_36,w,c	;volatile
   269  002FDE  E1FB               	bnz	l703
   270  002FE0  280C               	incf	main@i_36+1,w,c	;volatile
   271  002FE2  A4D8               	btfss	status,2,c
   272  002FE4  D7F8               	goto	l703
   273                           
   274                           ;main.c: 39: for (volatile int i = 50000; i--;);
   275  002FE6  0EC3               	movlw	195
   276  002FE8  6E0E               	movwf	main@i_37+1,c	;volatile
   277  002FEA  0E50               	movlw	80
   278  002FEC  6E0D               	movwf	main@i_37,c	;volatile
   279  002FEE                     l707:
   280  002FEE  060D               	decf	main@i_37,f,c	;volatile
   281  002FF0  A0D8               	btfss	status,0,c
   282  002FF2  060E               	decf	main@i_37+1,f,c	;volatile
   283  002FF4  280D               	incf	main@i_37,w,c	;volatile
   284  002FF6  E1FB               	bnz	l707
   285  002FF8  280E               	incf	main@i_37+1,w,c	;volatile
   286  002FFA  B4D8               	btfsc	status,2,c
   287  002FFC  D7B0               	goto	l683
   288  002FFE  D7F7               	goto	l707
   289  003000                     __end_of_main:
   290                           	opt stack 0
   291                           tblptru	equ	0xFF8
   292                           tblptrh	equ	0xFF7
   293                           tblptrl	equ	0xFF6
   294                           tablat	equ	0xFF5
   295                           status	equ	0xFD8
   296                           
   297 ;; *************** function _read_digital_keypad *****************
   298 ;; Defined at:
   299 ;;		line 9 in file "digital_keypad.c"
   300 ;; Parameters:    Size  Location     Type
   301 ;;  detection_ty    1    wreg     unsigned char 
   302 ;; Auto vars:     Size  Location     Type
   303 ;;  detection_ty    1    0[COMRAM] unsigned char 
   304 ;; Return value:  Size  Location     Type
   305 ;;                  1    wreg      unsigned char 
   306 ;; Registers used:
   307 ;;		wreg, status,2, status,0
   308 ;; Tracked objects:
   309 ;;		On entry : 0/0
   310 ;;		On exit  : 0/0
   311 ;;		Unchanged: 0/0
   312 ;; Data sizes:     COMRAM   BANK0   BANK1   BANK2   BANK3   BANK4   BANK5
   313 ;;      Params:         0       0       0       0       0       0       0
   314 ;;      Locals:         1       0       0       0       0       0       0
   315 ;;      Temps:          0       0       0       0       0       0       0
   316 ;;      Totals:         1       0       0       0       0       0       0
   317 ;;Total ram usage:        1 bytes
   318 ;; Hardware stack levels used:    1
   319 ;; This function calls:
   320 ;;		Nothing
   321 ;; This function is called by:
   322 ;;		_main
   323 ;; This function uses a non-reentrant model
   324 ;;
   325                           
   326                           	psect	text1
   327  002F0E                     __ptext1:
   328                           	opt stack 0
   329  002F0E                     _read_digital_keypad:
   330                           	opt stack 30
   331                           
   332                           ;incstack = 0
   333                           ;read_digital_keypad@detection_type stored from wreg
   334  002F0E  6E01               	movwf	read_digital_keypad@detection_type,c
   335                           
   336                           ;digital_keypad.c: 11: static unsigned char once = 1;
   337                           ;digital_keypad.c: 13: if (detection_type == 1)
   338  002F10  0401               	decf	read_digital_keypad@detection_type,w,c
   339  002F12  A4D8               	btfss	status,2,c
   340  002F14  D015               	goto	l669
   341                           
   342                           ;digital_keypad.c: 14: {
   343                           ;digital_keypad.c: 15: if (((PORTC & 0x0F) != 0x0F) && once)
   344  002F16  5082               	movf	3970,w,c	;volatile
   345  002F18  0B0F               	andlw	15
   346  002F1A  0A0F               	xorlw	15
   347  002F1C  B4D8               	btfsc	status,2,c
   348  002F1E  D008               	goto	l665
   349  002F20  500F               	movf	read_digital_keypad@once,w,c
   350  002F22  B4D8               	btfsc	status,2,c
   351  002F24  D005               	goto	l665
   352                           
   353                           ;digital_keypad.c: 16: {
   354                           ;digital_keypad.c: 17: once = 0;
   355  002F26  0E00               	movlw	0
   356  002F28  6E0F               	movwf	read_digital_keypad@once,c
   357  002F2A                     l659:
   358                           
   359                           ;digital_keypad.c: 19: return (PORTC & 0x0F);
   360  002F2A  5082               	movf	3970,w,c	;volatile
   361  002F2C  0B0F               	andlw	15
   362  002F2E  0012               	return	
   363  002F30                     l665:
   364                           
   365                           ;digital_keypad.c: 21: else if ((PORTC & 0x0F) == 0x0F)
   366  002F30  5082               	movf	3970,w,c	;volatile
   367  002F32  0B0F               	andlw	15
   368  002F34  0A0F               	xorlw	15
   369  002F36  A4D8               	btfss	status,2,c
   370  002F38  D006               	goto	l675
   371                           
   372                           ;digital_keypad.c: 22: {
   373                           ;digital_keypad.c: 23: once = 1;
   374  002F3A  0E01               	movlw	1
   375  002F3C  6E0F               	movwf	read_digital_keypad@once,c
   376                           
   377                           ;digital_keypad.c: 24: }
   378                           ;digital_keypad.c: 25: }
   379  002F3E  D003               	goto	l675
   380  002F40                     l669:
   381                           
   382                           ;digital_keypad.c: 26: else if (detection_type == 0)
   383  002F40  5001               	movf	read_digital_keypad@detection_type,w,c
   384  002F42  B4D8               	btfsc	status,2,c
   385  002F44  D7F2               	goto	l659
   386  002F46                     l675:
   387                           
   388                           ;digital_keypad.c: 29: }
   389                           ;digital_keypad.c: 31: return 0xFF;
   390  002F46  0EFF               	movlw	255
   391  002F48  0012               	return	
   392  002F4A                     __end_of_read_digital_keypad:
   393                           	opt stack 0
   394                           tblptru	equ	0xFF8
   395                           tblptrh	equ	0xFF7
   396                           tblptrl	equ	0xFF6
   397                           tablat	equ	0xFF5
   398                           status	equ	0xFD8
   399                           
   400 ;; *************** function _init_config *****************
   401 ;; Defined at:
   402 ;;		line 6 in file "main.c"
   403 ;; Parameters:    Size  Location     Type
   404 ;;		None
   405 ;; Auto vars:     Size  Location     Type
   406 ;;		None
   407 ;; Return value:  Size  Location     Type
   408 ;;                  1    wreg      void 
   409 ;; Registers used:
   410 ;;		wreg, status,2
   411 ;; Tracked objects:
   412 ;;		On entry : 0/0
   413 ;;		On exit  : 0/0
   414 ;;		Unchanged: 0/0
   415 ;; Data sizes:     COMRAM   BANK0   BANK1   BANK2   BANK3   BANK4   BANK5
   416 ;;      Params:         0       0       0       0       0       0       0
   417 ;;      Locals:         0       0       0       0       0       0       0
   418 ;;      Temps:          0       0       0       0       0       0       0
   419 ;;      Totals:         0       0       0       0       0       0       0
   420 ;;Total ram usage:        0 bytes
   421 ;; Hardware stack levels used:    1
   422 ;; This function calls:
   423 ;;		Nothing
   424 ;; This function is called by:
   425 ;;		_main
   426 ;; This function uses a non-reentrant model
   427 ;;
   428                           
   429                           	psect	text2
   430  002EEA                     __ptext2:
   431                           	opt stack 0
   432  002EEA                     _init_config:
   433                           	opt stack 30
   434                           
   435                           ;main.c: 9: ADCON1 = 0x0F;
   436                           
   437                           ;incstack = 0
   438  002EEA  0E0F               	movlw	15
   439  002EEC  6EC1               	movwf	4033,c	;volatile
   440                           
   441                           ;main.c: 11: RB0 = 0;
   442  002EEE  9081               	bcf	3969,0,c	;volatile
   443                           
   444                           ;main.c: 14: TRISB = 0x00;
   445  002EF0  0E00               	movlw	0
   446  002EF2  6E93               	movwf	3987,c	;volatile
   447  002EF4  0012               	return		;funcret
   448  002EF6                     __end_of_init_config:
   449                           	opt stack 0
   450  0000                     tblptru	equ	0xFF8
   451                           tblptrh	equ	0xFF7
   452                           tblptrl	equ	0xFF6
   453                           tablat	equ	0xFF5
   454                           status	equ	0xFD8
   455                           tblptru	equ	0xFF8
   456                           tblptrh	equ	0xFF7
   457                           tblptrl	equ	0xFF6
   458                           tablat	equ	0xFF5
   459                           status	equ	0xFD8
   460                           
   461                           	psect	rparam
   462  0000                     tblptru	equ	0xFF8
   463                           tblptrh	equ	0xFF7
   464                           tblptrl	equ	0xFF6
   465                           tablat	equ	0xFF5
   466                           status	equ	0xFD8


Data Sizes:
    Strings     0
    Constant    0
    Data        1
    BSS         0
    Persistent  0
    Stack       0

Auto Spaces:
    Space          Size  Autos    Used
    COMRAM           95     14      15
    BANK0           160      0       0
    BANK1           256      0       0
    BANK2           256      0       0
    BANK3           256      0       0
    BANK4           256      0       0
    BANK5           256      0       0

Pointer List with Targets:

    None.

Critical Paths under _main in COMRAM

    _main->_read_digital_keypad

Critical Paths under _main in BANK0

    None.

Critical Paths under _main in BANK1

    None.

Critical Paths under _main in BANK2

    None.

Critical Paths under _main in BANK3

    None.

Critical Paths under _main in BANK4

    None.

Critical Paths under _main in BANK5

    None.

Call Graph Tables:

 ---------------------------------------------------------------------------------
 (Depth) Function   	        Calls       Base Space   Used Autos Params    Refs
 ---------------------------------------------------------------------------------
 (0) _main                                                13    13      0     180
                                              1 COMRAM    13    13      0
                        _init_config
                _read_digital_keypad
 ---------------------------------------------------------------------------------
 (1) _read_digital_keypad                                  1     1      0      30
                                              0 COMRAM     1     1      0
 ---------------------------------------------------------------------------------
 (1) _init_config                                          0     0      0       0
 ---------------------------------------------------------------------------------
 Estimated maximum stack depth 1
 ---------------------------------------------------------------------------------

 Call Graph Graphs:

 _main (ROOT)
   _init_config
   _read_digital_keypad

 Address spaces:
Name               Size   Autos  Total    Cost      Usage
BIGRAM             5FF      0       0      16        0.0%
EEDATA             100      0       0       0        0.0%
BITBANK5           100      0       0      14        0.0%
BANK5              100      0       0      15        0.0%
BITBANK4           100      0       0      12        0.0%
BANK4              100      0       0      13        0.0%
BITBANK3           100      0       0      10        0.0%
BANK3              100      0       0      11        0.0%
BITBANK2           100      0       0       8        0.0%
BANK2              100      0       0       9        0.0%
BITBANK1           100      0       0       6        0.0%
BANK1              100      0       0       7        0.0%
BITBANK0            A0      0       0       4        0.0%
BANK0               A0      0       0       5        0.0%
BITCOMRAM           5F      0       0       0        0.0%
COMRAM              5F      E       F       1       15.8%
BITSFR_3             0      0       0      40        0.0%
SFR_3                0      0       0      40        0.0%
BITSFR_2             0      0       0      40        0.0%
SFR_2                0      0       0      40        0.0%
BITSFR_1             0      0       0      40        0.0%
SFR_1                0      0       0      40        0.0%
BITSFR               0      0       0      40        0.0%
SFR                  0      0       0      40        0.0%
STACK                0      0       0       2        0.0%
NULL                 0      0       0       0        0.0%
ABS                  0      0       F       3        0.0%
DATA                 0      0       F      17        0.0%
CODE                 0      0       0       0        0.0%


Microchip Technology PIC18 Macro Assembler V1.36 build -262312587 
Symbol Table                                                                                   Thu Jan  2 15:52:03 2020

                               u90 2F98                        __CFG_OSC$XT 000000  
                              l703 2FD6                                l707 2FEE  
                              l665 2F30                                l675 2F46  
                              l659 2F2A                                l683 2F5E  
                              l669 2F40                                l687 2F7E  
                              l695 2F9E                                l689 2F84  
                              l699 2FA8                                _RB0 007C08  
                     __CFG_LVP$OFF 000000                       __CFG_WDT$OFF 000000  
            ??_read_digital_keypad 0001                               _main 2F4A  
                             start 0000                       ___param_bank 000010  
                            ?_main 0001                       ?_init_config 0001  
                            _PORTC 000F82                              _TRISB 000F93  
                            _TRISC 000F94                              main@i 0009  
                   __CFG_BOREN$OFF 000000                              tablat 000FF5  
                            status 000FD8                    __initialization 2EF6  
                     __end_of_main 3000                             ??_main 0002  
                    __activetblptr 000000                             _ADCON1 000FC1  
                     __pdataCOMRAM 000F                             tblptrh 000FF7  
                           tblptrl 000FF6                             tblptru 000FF8  
                       __accesstop 0060            __end_of__initialization 2F08  
                  __CFG_PBADEN$OFF 000000                      ___rparam_used 000001  
                   __pcstackCOMRAM 0001               __size_of_init_config 000C  
      __end_of_read_digital_keypad 2F4A                            __Hparam 0000  
                          __Lparam 0000                            __pcinit 2EF6  
                          __ramtop 0600                            __ptext0 2F4A  
                          __ptext1 2F0E                            __ptext2 2EEA  
                          main@key 0006               end_of_initialization 2F08  
                       main@period 0004                      __pidataCOMRAM 3000  
              start_initialization 2EF6                      ??_init_config 0001  
              __end_of_init_config 2EF6       __size_of_read_digital_keypad 003C  
                        main@count 0007  read_digital_keypad@detection_type 0001  
                         __Hrparam 0000                           __Lrparam 0000  
                      _init_config 2EEA                      __size_of_main 00B6  
          read_digital_keypad@once 000F                           main@i_36 000B  
                         main@i_37 000D                _read_digital_keypad 2F0E  
             ?_read_digital_keypad 0001  
