

Microchip Technology PIC18 LITE Macro Assembler V1.36 build -262312587 
                                                                                               Thu Feb  6 12:26:19 2020

Microchip Technology Omniscient Code Generator v1.36 (Free mode) build 201601150325
     1                           	processor	18F4580
     2                           	fnconf	rparam,??,?,0
     3                           	opt	pw 120
     4                           	opt	lm
     5                           	psect	cinit,global,reloc=2,class=CODE,delta=1
     6                           	psect	bssCOMRAM,global,class=COMRAM,space=1,delta=1
     7                           	psect	cstackCOMRAM,global,class=COMRAM,space=1,delta=1
     8                           	psect	text0,global,reloc=2,class=CODE,delta=1
     9                           	psect	text1,global,reloc=2,class=CODE,delta=1
    10                           	psect	text2,global,reloc=2,class=CODE,delta=1
    11                           	psect	intsave_regs,global,class=BIGRAM,space=1,delta=1
    12                           	psect	rparam,global,class=COMRAM,space=1,delta=1
    13  0000                     _ADCON1	set	4033
    14  0000                     _PORTB	set	3969
    15  0000                     _TRISB	set	3987
    16                           
    17                           ; #config settings
    18                           
    19                           	psect	cinit
    20  002F1E                     __pcinit:
    21                           	opt stack 0
    22  002F1E                     start_initialization:
    23                           	opt stack 0
    24  002F1E                     __initialization:
    25                           	opt stack 0
    26                           
    27                           ; Clear objects allocated to COMRAM (6 bytes)
    28  002F1E  6A06               	clrf	(__pbssCOMRAM+5)& (0+255),c
    29  002F20  6A05               	clrf	(__pbssCOMRAM+4)& (0+255),c
    30  002F22  6A04               	clrf	(__pbssCOMRAM+3)& (0+255),c
    31  002F24  6A03               	clrf	(__pbssCOMRAM+2)& (0+255),c
    32  002F26  6A02               	clrf	(__pbssCOMRAM+1)& (0+255),c
    33  002F28  6A01               	clrf	__pbssCOMRAM& (0+255),c
    34  002F2A                     end_of_initialization:
    35                           	opt stack 0
    36  002F2A                     __end_of__initialization:
    37                           	opt stack 0
    38  002F2A  0100               	movlb	0
    39  002F2C  EF83  F017         	goto	_main	;jump to C main() function
    40                           
    41                           	psect	bssCOMRAM
    42  000001                     __pbssCOMRAM:
    43                           	opt stack 0
    44  000001                     blocking_led_train@i:
    45                           	opt stack 0
    46  000001                     	ds	2
    47  000003                     non_blocking_led_train@count:
    48                           	opt stack 0
    49  000003                     	ds	2
    50  000005                     non_blocking_led_train@i:
    51                           	opt stack 0
    52  000005                     	ds	2
    53                           
    54                           	psect	cstackCOMRAM
    55  000007                     __pcstackCOMRAM:
    56                           	opt stack 0
    57  000007                     ??_non_blocking_led_train:
    58  000007                     
    59                           ; 1 bytes @ 0x0
    60  000007                     	ds	2
    61  000009                     
    62                           ; 1 bytes @ 0x2
    63 ;;
    64 ;;Main: autosize = 0, tempsize = 0, incstack = 0, save=0
    65 ;;
    66 ;; *************** function _main *****************
    67 ;; Defined at:
    68 ;;		line 13 in file "main.c"
    69 ;; Parameters:    Size  Location     Type
    70 ;;		None
    71 ;; Auto vars:     Size  Location     Type
    72 ;;		None
    73 ;; Return value:  Size  Location     Type
    74 ;;                  1    wreg      void 
    75 ;; Registers used:
    76 ;;		wreg, status,2, status,0, cstack
    77 ;; Tracked objects:
    78 ;;		On entry : 0/0
    79 ;;		On exit  : 0/0
    80 ;;		Unchanged: 0/0
    81 ;; Data sizes:     COMRAM   BANK0   BANK1   BANK2   BANK3   BANK4   BANK5
    82 ;;      Params:         0       0       0       0       0       0       0
    83 ;;      Locals:         0       0       0       0       0       0       0
    84 ;;      Temps:          0       0       0       0       0       0       0
    85 ;;      Totals:         0       0       0       0       0       0       0
    86 ;;Total ram usage:        0 bytes
    87 ;; Hardware stack levels required when called:    1
    88 ;; This function calls:
    89 ;;		_init_config
    90 ;;		_non_blocking_led_train
    91 ;; This function is called by:
    92 ;;		Startup code after reset
    93 ;; This function uses a non-reentrant model
    94 ;;
    95                           
    96                           	psect	text0
    97  002F06                     __ptext0:
    98                           	opt stack 0
    99  002F06                     _main:
   100                           	opt stack 30
   101                           
   102                           ;main.c: 16: init_config();
   103                           
   104                           ;incstack = 0
   105  002F06  EC88  F017         	call	_init_config	;wreg free
   106  002F0A                     l697:
   107                           
   108                           ;main.c: 18: {
   109                           ;main.c: 24: non_blocking_led_train();
   110  002F0A  EC98  F017         	call	_non_blocking_led_train	;wreg free
   111  002F0E  D7FD               	goto	l697
   112  002F10                     __end_of_main:
   113                           	opt stack 0
   114                           
   115 ;; *************** function _non_blocking_led_train *****************
   116 ;; Defined at:
   117 ;;		line 5 in file "non_blocking_led_train.c"
   118 ;; Parameters:    Size  Location     Type
   119 ;;		None
   120 ;; Auto vars:     Size  Location     Type
   121 ;;		None
   122 ;; Return value:  Size  Location     Type
   123 ;;                  1    wreg      void 
   124 ;; Registers used:
   125 ;;		wreg, status,2, status,0
   126 ;; Tracked objects:
   127 ;;		On entry : 0/0
   128 ;;		On exit  : 0/0
   129 ;;		Unchanged: 0/0
   130 ;; Data sizes:     COMRAM   BANK0   BANK1   BANK2   BANK3   BANK4   BANK5
   131 ;;      Params:         0       0       0       0       0       0       0
   132 ;;      Locals:         0       0       0       0       0       0       0
   133 ;;      Temps:          2       0       0       0       0       0       0
   134 ;;      Totals:         2       0       0       0       0       0       0
   135 ;;Total ram usage:        2 bytes
   136 ;; Hardware stack levels used:    1
   137 ;; This function calls:
   138 ;;		Nothing
   139 ;; This function is called by:
   140 ;;		_main
   141 ;; This function uses a non-reentrant model
   142 ;;
   143                           
   144                           	psect	text1
   145  002F30                     __ptext1:
   146                           	opt stack 0
   147  002F30                     _non_blocking_led_train:
   148                           	opt stack 30
   149                           
   150                           ;non_blocking_led_train.c: 8: static unsigned short count = 0, i = 0;
   151                           ;non_blocking_led_train.c: 10: if (count++ == 10000)
   152                           
   153                           ;incstack = 0
   154  002F30  4A03               	infsnz	non_blocking_led_train@count,f,c
   155  002F32  2A04               	incf	non_blocking_led_train@count+1,f,c
   156  002F34  0E11               	movlw	17
   157  002F36  1803               	xorwf	non_blocking_led_train@count,w,c
   158  002F38  E113               	bnz	l657
   159  002F3A  0E27               	movlw	39
   160  002F3C  1804               	xorwf	non_blocking_led_train@count+1,w,c
   161  002F3E  A4D8               	btfss	status,2,c
   162  002F40  D00F               	goto	l657
   163                           
   164                           ;non_blocking_led_train.c: 11: {
   165                           ;non_blocking_led_train.c: 12: count = 0;
   166  002F42  0E00               	movlw	0
   167  002F44  6E04               	movwf	non_blocking_led_train@count+1,c
   168  002F46  0E00               	movlw	0
   169  002F48  6E03               	movwf	non_blocking_led_train@count,c
   170                           
   171                           ;non_blocking_led_train.c: 14: if (++i == 32)
   172  002F4A  4A05               	infsnz	non_blocking_led_train@i,f,c
   173  002F4C  2A06               	incf	non_blocking_led_train@i+1,f,c
   174  002F4E  0E20               	movlw	32
   175  002F50  1805               	xorwf	non_blocking_led_train@i,w,c
   176  002F52  1006               	iorwf	non_blocking_led_train@i+1,w,c
   177  002F54  A4D8               	btfss	status,2,c
   178  002F56  D004               	goto	l657
   179                           
   180                           ;non_blocking_led_train.c: 15: i = 0;
   181  002F58  0E00               	movlw	0
   182  002F5A  6E06               	movwf	non_blocking_led_train@i+1,c
   183  002F5C  0E00               	movlw	0
   184  002F5E  6E05               	movwf	non_blocking_led_train@i,c
   185  002F60                     l657:
   186                           
   187                           ;non_blocking_led_train.c: 16: }
   188                           ;non_blocking_led_train.c: 18: if (i > 23)
   189  002F60  5006               	movf	non_blocking_led_train@i+1,w,c
   190  002F62  E104               	bnz	u30
   191  002F64  0E18               	movlw	24
   192  002F66  5C05               	subwf	non_blocking_led_train@i,w,c
   193  002F68  A0D8               	btfss	status,0,c
   194  002F6A  D011               	goto	l661
   195  002F6C                     u30:
   196                           
   197                           ;non_blocking_led_train.c: 19: PORTB &= ~(01 << 31 - i);
   198  002F6C  5005               	movf	non_blocking_led_train@i,w,c
   199  002F6E  0800               	sublw	0
   200  002F70  6E07               	movwf	??_non_blocking_led_train& (0+255),c
   201  002F72  0E1F               	movlw	31
   202  002F74  2607               	addwf	??_non_blocking_led_train,f,c
   203  002F76  0E01               	movlw	1
   204  002F78  6E08               	movwf	(??_non_blocking_led_train+1)& (0+255),c
   205  002F7A  2A07               	incf	??_non_blocking_led_train,f,c
   206  002F7C  D002               	goto	u44
   207  002F7E                     u45:
   208  002F7E  90D8               	bcf	status,0,c
   209  002F80  3608               	rlcf	??_non_blocking_led_train+1,f,c
   210  002F82                     u44:
   211  002F82  2E07               	decfsz	??_non_blocking_led_train,f,c
   212  002F84  D7FC               	goto	u45
   213  002F86  5008               	movf	??_non_blocking_led_train+1,w,c
   214  002F88  0AFF               	xorlw	255
   215  002F8A  1681               	andwf	3969,f,c	;volatile
   216  002F8C  0012               	return	
   217  002F8E                     l661:
   218                           
   219                           ;non_blocking_led_train.c: 21: else if (i > 15)
   220  002F8E  5006               	movf	non_blocking_led_train@i+1,w,c
   221  002F90  E104               	bnz	u50
   222  002F92  0E10               	movlw	16
   223  002F94  5C05               	subwf	non_blocking_led_train@i,w,c
   224  002F96  A0D8               	btfss	status,0,c
   225  002F98  D010               	goto	l665
   226  002F9A                     u50:
   227                           
   228                           ;non_blocking_led_train.c: 22: PORTB |= (01 << 23 - i);
   229  002F9A  5005               	movf	non_blocking_led_train@i,w,c
   230  002F9C  0800               	sublw	0
   231  002F9E  6E07               	movwf	??_non_blocking_led_train& (0+255),c
   232  002FA0  0E17               	movlw	23
   233  002FA2  2607               	addwf	??_non_blocking_led_train,f,c
   234  002FA4  0E01               	movlw	1
   235  002FA6  6E08               	movwf	(??_non_blocking_led_train+1)& (0+255),c
   236  002FA8  2A07               	incf	??_non_blocking_led_train,f,c
   237  002FAA  D002               	goto	u64
   238  002FAC                     u65:
   239  002FAC  90D8               	bcf	status,0,c
   240  002FAE  3608               	rlcf	??_non_blocking_led_train+1,f,c
   241  002FB0                     u64:
   242  002FB0  2E07               	decfsz	??_non_blocking_led_train,f,c
   243  002FB2  D7FC               	goto	u65
   244  002FB4  5008               	movf	??_non_blocking_led_train+1,w,c
   245  002FB6  1281               	iorwf	3969,f,c	;volatile
   246  002FB8  0012               	return	
   247  002FBA                     l665:
   248                           
   249                           ;non_blocking_led_train.c: 24: else if (i > 7)
   250  002FBA  5006               	movf	non_blocking_led_train@i+1,w,c
   251  002FBC  E104               	bnz	u70
   252  002FBE  0E08               	movlw	8
   253  002FC0  5C05               	subwf	non_blocking_led_train@i,w,c
   254  002FC2  A0D8               	btfss	status,0,c
   255  002FC4  D010               	goto	l669
   256  002FC6                     u70:
   257                           
   258                           ;non_blocking_led_train.c: 25: PORTB &= ~(01 << i - 8);
   259  002FC6  C005  F007         	movff	non_blocking_led_train@i,??_non_blocking_led_train
   260  002FCA  0EF8               	movlw	248
   261  002FCC  2607               	addwf	??_non_blocking_led_train,f,c
   262  002FCE  0E01               	movlw	1
   263  002FD0  6E08               	movwf	(??_non_blocking_led_train+1)& (0+255),c
   264  002FD2  2A07               	incf	??_non_blocking_led_train,f,c
   265  002FD4  D002               	goto	u84
   266  002FD6                     u85:
   267  002FD6  90D8               	bcf	status,0,c
   268  002FD8  3608               	rlcf	??_non_blocking_led_train+1,f,c
   269  002FDA                     u84:
   270  002FDA  2E07               	decfsz	??_non_blocking_led_train,f,c
   271  002FDC  D7FC               	goto	u85
   272  002FDE  5008               	movf	??_non_blocking_led_train+1,w,c
   273  002FE0  0AFF               	xorlw	255
   274  002FE2  1681               	andwf	3969,f,c	;volatile
   275  002FE4  0012               	return	
   276  002FE6                     l669:
   277                           
   278                           ;non_blocking_led_train.c: 27: else
   279                           ;non_blocking_led_train.c: 28: PORTB |= (01 << i);
   280  002FE6  C005  F007         	movff	non_blocking_led_train@i,??_non_blocking_led_train
   281  002FEA  0E01               	movlw	1
   282  002FEC  6E08               	movwf	(??_non_blocking_led_train+1)& (0+255),c
   283  002FEE  2A07               	incf	??_non_blocking_led_train,f,c
   284  002FF0  D002               	goto	u94
   285  002FF2                     u95:
   286  002FF2  90D8               	bcf	status,0,c
   287  002FF4  3608               	rlcf	??_non_blocking_led_train+1,f,c
   288  002FF6                     u94:
   289  002FF6  2E07               	decfsz	??_non_blocking_led_train,f,c
   290  002FF8  D7FC               	goto	u95
   291  002FFA  5008               	movf	??_non_blocking_led_train+1,w,c
   292  002FFC  1281               	iorwf	3969,f,c	;volatile
   293  002FFE  0012               	return	
   294  003000                     __end_of_non_blocking_led_train:
   295                           	opt stack 0
   296                           status	equ	0xFD8
   297                           
   298 ;; *************** function _init_config *****************
   299 ;; Defined at:
   300 ;;		line 3 in file "main.c"
   301 ;; Parameters:    Size  Location     Type
   302 ;;		None
   303 ;; Auto vars:     Size  Location     Type
   304 ;;		None
   305 ;; Return value:  Size  Location     Type
   306 ;;                  1    wreg      void 
   307 ;; Registers used:
   308 ;;		wreg, status,2
   309 ;; Tracked objects:
   310 ;;		On entry : 0/0
   311 ;;		On exit  : 0/0
   312 ;;		Unchanged: 0/0
   313 ;; Data sizes:     COMRAM   BANK0   BANK1   BANK2   BANK3   BANK4   BANK5
   314 ;;      Params:         0       0       0       0       0       0       0
   315 ;;      Locals:         0       0       0       0       0       0       0
   316 ;;      Temps:          0       0       0       0       0       0       0
   317 ;;      Totals:         0       0       0       0       0       0       0
   318 ;;Total ram usage:        0 bytes
   319 ;; Hardware stack levels used:    1
   320 ;; This function calls:
   321 ;;		Nothing
   322 ;; This function is called by:
   323 ;;		_main
   324 ;; This function uses a non-reentrant model
   325 ;;
   326                           
   327                           	psect	text2
   328  002F10                     __ptext2:
   329                           	opt stack 0
   330  002F10                     _init_config:
   331                           	opt stack 30
   332                           
   333                           ;main.c: 6: ADCON1 = 0x0F;
   334                           
   335                           ;incstack = 0
   336  002F10  0E0F               	movlw	15
   337  002F12  6EC1               	movwf	4033,c	;volatile
   338                           
   339                           ;main.c: 8: PORTB = 0;
   340  002F14  0E00               	movlw	0
   341  002F16  6E81               	movwf	3969,c	;volatile
   342                           
   343                           ;main.c: 10: TRISB = 0x00;
   344  002F18  0E00               	movlw	0
   345  002F1A  6E93               	movwf	3987,c	;volatile
   346  002F1C  0012               	return		;funcret
   347  002F1E                     __end_of_init_config:
   348                           	opt stack 0
   349  0000                     status	equ	0xFD8
   350                           status	equ	0xFD8
   351                           
   352                           	psect	rparam
   353  0000                     status	equ	0xFD8


Data Sizes:
    Strings     0
    Constant    0
    Data        0
    BSS         6
    Persistent  0
    Stack       0

Auto Spaces:
    Space          Size  Autos    Used
    COMRAM           95      2       8
    BANK0           160      0       0
    BANK1           256      0       0
    BANK2           256      0       0
    BANK3           256      0       0
    BANK4           256      0       0
    BANK5           256      0       0

Pointer List with Targets:

    None.

Critical Paths under _main in COMRAM

    _main->_non_blocking_led_train

Critical Paths under _main in BANK0

    None.

Critical Paths under _main in BANK1

    None.

Critical Paths under _main in BANK2

    None.

Critical Paths under _main in BANK3

    None.

Critical Paths under _main in BANK4

    None.

Critical Paths under _main in BANK5

    None.

Call Graph Tables:

 ---------------------------------------------------------------------------------
 (Depth) Function   	        Calls       Base Space   Used Autos Params    Refs
 ---------------------------------------------------------------------------------
 (0) _main                                                 0     0      0       0
                        _init_config
             _non_blocking_led_train
 ---------------------------------------------------------------------------------
 (1) _non_blocking_led_train                               2     2      0       0
                                              0 COMRAM     2     2      0
 ---------------------------------------------------------------------------------
 (1) _init_config                                          0     0      0       0
 ---------------------------------------------------------------------------------
 Estimated maximum stack depth 1
 ---------------------------------------------------------------------------------

 Call Graph Graphs:

 _main (ROOT)
   _init_config
   _non_blocking_led_train

 Address spaces:
Name               Size   Autos  Total    Cost      Usage
BIGRAM             5FF      0       0      16        0.0%
EEDATA             100      0       0       0        0.0%
BITBANK5           100      0       0      14        0.0%
BANK5              100      0       0      15        0.0%
BITBANK4           100      0       0      12        0.0%
BANK4              100      0       0      13        0.0%
BITBANK3           100      0       0      10        0.0%
BANK3              100      0       0      11        0.0%
BITBANK2           100      0       0       8        0.0%
BANK2              100      0       0       9        0.0%
BITBANK1           100      0       0       6        0.0%
BANK1              100      0       0       7        0.0%
BITBANK0            A0      0       0       4        0.0%
BANK0               A0      0       0       5        0.0%
BITCOMRAM           5F      0       0       0        0.0%
COMRAM              5F      2       8       1        8.4%
BITSFR_3             0      0       0      40        0.0%
SFR_3                0      0       0      40        0.0%
BITSFR_2             0      0       0      40        0.0%
SFR_2                0      0       0      40        0.0%
BITSFR_1             0      0       0      40        0.0%
SFR_1                0      0       0      40        0.0%
BITSFR               0      0       0      40        0.0%
SFR                  0      0       0      40        0.0%
STACK                0      0       0       2        0.0%
NULL                 0      0       0       0        0.0%
ABS                  0      0       8       3        0.0%
DATA                 0      0       8      17        0.0%
CODE                 0      0       0       0        0.0%


Microchip Technology PIC18 Macro Assembler V1.36 build -262312587 
Symbol Table                                                                                   Thu Feb  6 12:26:19 2020

                             u30 2F6C                               u50 2F9A  
                             u44 2F82                               u45 2F7E  
                             u70 2FC6                               u64 2FB0  
                             u65 2FAC                               u84 2FDA  
                             u85 2FD6                               u94 2FF6  
                             u95 2FF2                              l661 2F8E  
                            l665 2FBA                              l657 2F60  
                            l669 2FE6                              l697 2F0A  
                           _main 2F06                             start 0000  
                   ___param_bank 000010                            ?_main 0007  
                   ?_init_config 0007                            _PORTB 000F81  
                          _TRISB 000F93                            status 000FD8  
                __initialization 2F1E                     __end_of_main 2F10  
                         ??_main 0009                    __activetblptr 000000  
            blocking_led_train@i 0001                           _ADCON1 000FC1  
       ??_non_blocking_led_train 0007                       __accesstop 0060  
        __end_of__initialization 2F2A                    ___rparam_used 000001  
                 __pcstackCOMRAM 0007             __size_of_init_config 000E  
        non_blocking_led_train@i 0005  __size_of_non_blocking_led_train 00D0  
                        __Hparam 0000                          __Lparam 0000  
                        __pcinit 2F1E                          __ramtop 0600  
                        __ptext0 2F06                          __ptext1 2F30  
                        __ptext2 2F10           _non_blocking_led_train 2F30  
           end_of_initialization 2F2A              start_initialization 2F1E  
                  ??_init_config 0007                      __pbssCOMRAM 0001  
        ?_non_blocking_led_train 0007              __end_of_init_config 2F1E  
    non_blocking_led_train@count 0003   __end_of_non_blocking_led_train 3000  
                       __Hrparam 0000                         __Lrparam 0000  
                    _init_config 2F10                    __size_of_main 000A  
